2014-03-17 08:38:47,976 manager INFO OpenRTM-aist-1.0.0
2014-03-17 08:38:47,976 manager INFO Copyright (C) 2003-2010
2014-03-17 08:38:47,977 manager INFO   Noriaki Ando
2014-03-17 08:38:47,977 manager INFO   Intelligent Systems Research Institute, AIST
2014-03-17 08:38:47,979 manager INFO Manager starting.
2014-03-17 08:38:47,979 manager INFO Starting local logging.
2014-03-17 08:38:47,996 manager.namingmanager INFO NameServer connection succeeded: corba/localhost
2014-03-17 08:38:50,023 ManagerServant INFO Master manager not found
2014-03-17 08:38:50,023 manager ERROR Traceback (most recent call last):
  File "OpenRTM_aist\Manager.pyc", line 1734, in initManagerServant
IOError: [Errno 2] No such file or directory: '/var/log/rtcmanager.ref'

2014-03-17 08:38:50,042 JuliusRTC0 INFO JuliusRTC version 2.00
2014-03-17 08:38:50,043 JuliusRTC0 INFO Copyright (C) 2010-2011 Yosuke Matsusaka
2014-03-17 08:38:50,062 JuliusRTC0 INFO This component depends on following softwares and datas:
2014-03-17 08:38:50,062 JuliusRTC0 INFO 
2014-03-17 08:38:50,062 JuliusRTC0 INFO   Large Vocabulary Continuous Speech Recognition Engine Julius
2014-03-17 08:38:50,062 JuliusRTC0 INFO   (http://julius.sourceforge.jp/)
2014-03-17 08:38:50,062 JuliusRTC0 INFO   Copyright (c) 1997-2000 Information-technology Promotion Agency, Japan
2014-03-17 08:38:50,062 JuliusRTC0 INFO   Copyright (c) 1991-2008 Kawahara Lab., Kyoto University
2014-03-17 08:38:50,062 JuliusRTC0 INFO   Copyright (c) 2000-2005 Shikano Lab., Nara Institute of Science and Technology
2014-03-17 08:38:50,063 JuliusRTC0 INFO   Copyright (c) 2005-2008 Julius project team, Nagoya Institute of Technology
2014-03-17 08:38:50,063 JuliusRTC0 INFO 
2014-03-17 08:38:50,063 JuliusRTC0 INFO   VoxForge English Acoustic Model for HTK/Juilus
2014-03-17 08:38:50,063 JuliusRTC0 INFO   (http://www.voxforge.org/)
2014-03-17 08:38:50,063 JuliusRTC0 INFO   Copyright (c) 2005-2009 Ken MacLean <contact@voxforge.org>
2014-03-17 08:38:50,065 JuliusRTC0 INFO   Copyright (c) 2005-2009 Free Software Foundation
2014-03-17 08:38:50,065 JuliusRTC0 INFO 
2014-03-17 08:39:33,624 JuliusRTC0 INFO LISTEN
2014-03-17 08:39:33,750 JuliusRTC0 INFO register grammar: command
2014-03-17 08:39:33,773 JuliusRTC0 INFO LISTEN
2014-03-17 08:39:33,864 JuliusRTC0 INFO LISTEN
2014-03-17 08:39:33,871 JuliusRTC0 INFO STARTREC
2014-03-17 08:39:37,783 JuliusRTC0 INFO ENDREC
2014-03-17 08:39:37,831 JuliusRTC0 INFO #1: 左 あげない (0.6405)
2014-03-17 08:39:37,834 JuliusRTC0 INFO #2: さいせい あげない (0.3755)
2014-03-17 08:39:37,835 JuliusRTC0 INFO #3: 左 さげない (0.444)
2014-03-17 08:39:37,836 JuliusRTC0 INFO #4: 左 あげて (0.228)
2014-03-17 08:39:37,838 JuliusRTC0 INFO #5: 右 あげない (0.4425)
2014-03-17 08:39:37,846 JuliusRTC0 INFO LISTEN
2014-03-17 08:39:38,545 JuliusRTC0 INFO STARTREC
2014-03-17 08:39:41,551 JuliusRTC0 INFO ENDREC
2014-03-17 08:39:41,599 JuliusRTC0 INFO #1: 右 さげて (0.5985)
2014-03-17 08:39:41,601 JuliusRTC0 INFO #2: 右 さげない (0.5305)
2014-03-17 08:39:41,601 JuliusRTC0 INFO #3: 右 あげて (0.5805)
2014-03-17 08:39:41,604 JuliusRTC0 INFO #4: 左 あげて (0.214)
2014-03-17 08:39:41,605 JuliusRTC0 INFO #5: 右 あげない (0.518)
2014-03-17 08:39:41,611 JuliusRTC0 INFO LISTEN
2014-03-17 08:39:41,744 JuliusRTC0 INFO STARTREC
2014-03-17 08:39:42,322 JuliusRTC0 INFO ENDREC
2014-03-17 08:39:42,348 JuliusRTC0 INFO LISTEN
2014-03-17 08:39:42,576 JuliusRTC0 INFO STARTREC
2014-03-17 08:39:45,716 JuliusRTC0 INFO ENDREC
2014-03-17 08:39:45,759 JuliusRTC0 INFO #1: 左 あげて (0.588)
2014-03-17 08:39:45,759 JuliusRTC0 INFO #2: 右 あげない (0.4055)
2014-03-17 08:39:45,762 JuliusRTC0 INFO #3: 右 さげない (0.341)
2014-03-17 08:39:45,763 JuliusRTC0 INFO #4: 左 さげて (0.4595)
2014-03-17 08:39:45,763 JuliusRTC0 INFO #5: 左 あげない (0.327)
2014-03-17 08:39:45,770 JuliusRTC0 INFO LISTEN
2014-03-17 08:39:45,970 JuliusRTC0 INFO STARTREC
2014-03-17 08:39:51,476 JuliusRTC0 INFO ENDREC
2014-03-17 08:39:51,546 JuliusRTC0 INFO #1: 右 さげて (0.4375)
2014-03-17 08:39:51,549 JuliusRTC0 INFO #2: 右 あげて (0.559)
2014-03-17 08:39:51,549 JuliusRTC0 INFO #3: 左 あげて (0.4945)
2014-03-17 08:39:51,552 JuliusRTC0 INFO #4: 左 さげて (0.3)
2014-03-17 08:39:51,552 JuliusRTC0 INFO #5: 右 さげない (0.3555)
2014-03-17 08:39:51,559 JuliusRTC0 INFO LISTEN
2014-03-17 08:39:51,562 JuliusRTC0 INFO STARTREC
