2014-03-17 11:04:09,207 manager INFO OpenRTM-aist-1.0.0
2014-03-17 11:04:09,207 manager INFO Copyright (C) 2003-2010
2014-03-17 11:04:09,207 manager INFO   Noriaki Ando
2014-03-17 11:04:09,209 manager INFO   Intelligent Systems Research Institute, AIST
2014-03-17 11:04:09,209 manager INFO Manager starting.
2014-03-17 11:04:09,209 manager INFO Starting local logging.
2014-03-17 11:04:09,223 manager.namingmanager INFO NameServer connection succeeded: corba/localhost
2014-03-17 11:04:11,247 ManagerServant INFO Master manager not found
2014-03-17 11:04:11,249 manager ERROR Traceback (most recent call last):
  File "OpenRTM_aist\Manager.pyc", line 1734, in initManagerServant
IOError: [Errno 2] No such file or directory: '/var/log/rtcmanager.ref'

2014-03-17 11:04:11,269 JuliusRTC0 INFO JuliusRTC version 2.00
2014-03-17 11:04:11,269 JuliusRTC0 INFO Copyright (C) 2010-2011 Yosuke Matsusaka
2014-03-17 11:04:11,286 JuliusRTC0 INFO This component depends on following softwares and datas:
2014-03-17 11:04:11,286 JuliusRTC0 INFO 
2014-03-17 11:04:11,286 JuliusRTC0 INFO   Large Vocabulary Continuous Speech Recognition Engine Julius
2014-03-17 11:04:11,286 JuliusRTC0 INFO   (http://julius.sourceforge.jp/)
2014-03-17 11:04:11,286 JuliusRTC0 INFO   Copyright (c) 1997-2000 Information-technology Promotion Agency, Japan
2014-03-17 11:04:11,286 JuliusRTC0 INFO   Copyright (c) 1991-2008 Kawahara Lab., Kyoto University
2014-03-17 11:04:11,288 JuliusRTC0 INFO   Copyright (c) 2000-2005 Shikano Lab., Nara Institute of Science and Technology
2014-03-17 11:04:11,288 JuliusRTC0 INFO   Copyright (c) 2005-2008 Julius project team, Nagoya Institute of Technology
2014-03-17 11:04:11,288 JuliusRTC0 INFO 
2014-03-17 11:04:11,288 JuliusRTC0 INFO   VoxForge English Acoustic Model for HTK/Juilus
2014-03-17 11:04:11,288 JuliusRTC0 INFO   (http://www.voxforge.org/)
2014-03-17 11:04:11,289 JuliusRTC0 INFO   Copyright (c) 2005-2009 Ken MacLean <contact@voxforge.org>
2014-03-17 11:04:11,289 JuliusRTC0 INFO   Copyright (c) 2005-2009 Free Software Foundation
2014-03-17 11:04:11,289 JuliusRTC0 INFO 
2014-03-17 11:04:23,832 JuliusRTC0 INFO LISTEN
2014-03-17 11:04:23,956 JuliusRTC0 INFO register grammar: command
2014-03-17 11:04:23,983 JuliusRTC0 INFO LISTEN
2014-03-17 11:04:24,069 JuliusRTC0 INFO LISTEN
2014-03-17 11:04:24,628 JuliusRTC0 INFO STARTREC
2014-03-17 11:04:25,207 JuliusRTC0 INFO ENDREC
2014-03-17 11:04:25,237 JuliusRTC0 INFO LISTEN
2014-03-17 11:04:27,056 JuliusRTC0 INFO STARTREC
2014-03-17 11:04:27,694 JuliusRTC0 INFO ENDREC
2014-03-17 11:04:27,736 JuliusRTC0 INFO #1: 右 あげて (0.854)
2014-03-17 11:04:27,739 JuliusRTC0 INFO #2: 右 さげて (0.6275)
2014-03-17 11:04:27,740 JuliusRTC0 INFO #3: 左 あげて (0.354)
2014-03-17 11:04:27,742 JuliusRTC0 INFO #4: 右 あげない (0.4875)
2014-03-17 11:04:27,743 JuliusRTC0 INFO #5: さいせい あげて (0.354)
2014-03-17 11:04:27,750 JuliusRTC0 INFO LISTEN
2014-03-17 11:04:29,555 JuliusRTC0 INFO STARTREC
2014-03-17 11:04:30,134 JuliusRTC0 INFO ENDREC
2014-03-17 11:04:30,161 JuliusRTC0 INFO #1: 右 あげて (0.8085)
2014-03-17 11:04:30,170 JuliusRTC0 INFO LISTEN
2014-03-17 11:04:31,536 JuliusRTC0 INFO STARTREC
2014-03-17 11:04:32,246 JuliusRTC0 INFO ENDREC
2014-03-17 11:04:32,278 JuliusRTC0 INFO #1: 右 あげて (0.6435)
2014-03-17 11:04:32,283 JuliusRTC0 INFO LISTEN
2014-03-17 11:04:33,526 JuliusRTC0 INFO STARTREC
2014-03-17 11:04:34,096 JuliusRTC0 INFO ENDREC
2014-03-17 11:04:34,132 JuliusRTC0 INFO #1: 左 あげて (0.8255)
2014-03-17 11:04:34,134 JuliusRTC0 INFO #2: 左 あげない (0.54)
2014-03-17 11:04:34,135 JuliusRTC0 INFO #3: 右 さげて (0.528)
2014-03-17 11:04:34,137 JuliusRTC0 INFO #4: 右 さげない (0.5065)
2014-03-17 11:04:34,144 JuliusRTC0 INFO LISTEN
2014-03-17 11:04:35,762 JuliusRTC0 INFO STARTREC
2014-03-17 11:04:36,788 JuliusRTC0 INFO ENDREC
2014-03-17 11:04:36,815 JuliusRTC0 INFO #1: 左 さげて (0.9855)
2014-03-17 11:04:36,816 JuliusRTC0 INFO #2: 左 あげて (0.506)
2014-03-17 11:04:36,818 JuliusRTC0 INFO #3: 左 さげない (0.501)
2014-03-17 11:04:36,825 JuliusRTC0 INFO LISTEN
2014-03-17 11:04:38,066 JuliusRTC0 INFO STARTREC
2014-03-17 11:04:38,901 JuliusRTC0 INFO ENDREC
2014-03-17 11:04:38,930 JuliusRTC0 INFO #1: 右 さげて (0.9865)
2014-03-17 11:04:38,931 JuliusRTC0 INFO #2: 右 あげて (0.5125)
2014-03-17 11:04:38,933 JuliusRTC0 INFO #3: 右 さげない (0.501)
2014-03-17 11:04:38,934 JuliusRTC0 INFO #4: 左 さげて (0.4865)
2014-03-17 11:04:38,936 JuliusRTC0 INFO #5: さいせい さげて (0.4865)
2014-03-17 11:04:38,943 JuliusRTC0 INFO LISTEN
2014-03-17 11:04:40,240 JuliusRTC0 INFO STARTREC
2014-03-17 11:04:40,881 JuliusRTC0 INFO ENDREC
2014-03-17 11:04:40,918 JuliusRTC0 INFO #1: 右 あげて (0.6715)
2014-03-17 11:04:40,920 JuliusRTC0 INFO #2: 右 よろしく (0.46)
2014-03-17 11:04:40,921 JuliusRTC0 INFO #3: 左 よろしく (0.2)
2014-03-17 11:04:40,927 JuliusRTC0 INFO LISTEN
2014-03-17 11:04:41,013 JuliusRTC0 INFO STARTREC
2014-03-17 11:04:41,907 JuliusRTC0 INFO ENDREC
2014-03-17 11:04:41,936 JuliusRTC0 INFO LISTEN
2014-03-17 11:04:42,029 JuliusRTC0 INFO STARTREC
2014-03-17 11:04:43,634 JuliusRTC0 INFO ENDREC
2014-03-17 11:04:43,674 JuliusRTC0 INFO #1: 左 よろしく (0.8095)
2014-03-17 11:04:43,674 JuliusRTC0 INFO #2: さいせい よろしく (0.6435)
2014-03-17 11:04:43,676 JuliusRTC0 INFO #3: 右 よろしく (0.535)
2014-03-17 11:04:43,677 JuliusRTC0 INFO #4: 右 さげて (0.2255)
2014-03-17 11:04:43,680 JuliusRTC0 INFO #5: 左 さげて (0.191)
2014-03-17 11:04:43,687 JuliusRTC0 INFO LISTEN
2014-03-17 11:04:43,766 JuliusRTC0 INFO STARTREC
2014-03-17 11:04:44,588 JuliusRTC0 INFO ENDREC
2014-03-17 11:04:44,625 JuliusRTC0 INFO #1: 右 さげない (0.655)
2014-03-17 11:04:44,627 JuliusRTC0 INFO #2: 右 あげない (0.447)
2014-03-17 11:04:44,628 JuliusRTC0 INFO #3: 左 さげない (0.459)
2014-03-17 11:04:44,628 JuliusRTC0 INFO #4: 左 あげない (0.3925)
2014-03-17 11:04:44,631 JuliusRTC0 INFO #5: さいせい さげない (0.334)
2014-03-17 11:04:44,637 JuliusRTC0 INFO LISTEN
2014-03-17 11:04:52,535 JuliusRTC0 INFO STARTREC
2014-03-17 11:04:53,934 JuliusRTC0 INFO ENDREC
2014-03-17 11:04:53,967 JuliusRTC0 INFO #1: さいせい よろしく (0.9985)
2014-03-17 11:04:53,970 JuliusRTC0 INFO #2: さいせい あげて (0.501)
2014-03-17 11:04:53,976 JuliusRTC0 INFO LISTEN
2014-03-17 11:04:55,602 JuliusRTC0 INFO STARTREC
2014-03-17 11:04:57,013 JuliusRTC0 INFO ENDREC
2014-03-17 11:04:57,042 JuliusRTC0 INFO #1: さいせい よろしく (1.0)
2014-03-17 11:04:57,049 JuliusRTC0 INFO LISTEN
2014-03-17 11:04:59,247 JuliusRTC0 INFO STARTREC
2014-03-17 11:05:00,855 JuliusRTC0 INFO ENDREC
2014-03-17 11:05:00,884 JuliusRTC0 INFO #1: さいせい よろしく (1.0)
2014-03-17 11:05:00,890 JuliusRTC0 INFO LISTEN
2014-03-17 11:05:03,221 JuliusRTC0 INFO STARTREC
2014-03-17 11:05:04,815 JuliusRTC0 INFO ENDREC
2014-03-17 11:05:04,845 JuliusRTC0 INFO #1: さいせい よろしく (1.0)
2014-03-17 11:05:04,852 JuliusRTC0 INFO LISTEN
2014-03-17 11:05:07,628 JuliusRTC0 INFO STARTREC
2014-03-17 11:05:08,655 JuliusRTC0 INFO ENDREC
2014-03-17 11:05:08,687 JuliusRTC0 INFO #1: 右 あげない (0.796)
2014-03-17 11:05:08,687 JuliusRTC0 INFO #2: 右 さげない (0.567)
2014-03-17 11:05:08,688 JuliusRTC0 INFO #3: 右 あげて (0.592)
2014-03-17 11:05:08,690 JuliusRTC0 INFO #4: 右 さげて (0.5245)
2014-03-17 11:05:08,697 JuliusRTC0 INFO LISTEN
2014-03-17 11:05:08,726 JuliusRTC0 INFO STARTREC
2014-03-17 11:05:09,742 JuliusRTC0 INFO ENDREC
2014-03-17 11:05:09,773 JuliusRTC0 INFO #1: さいせい あげて (0.927)
2014-03-17 11:05:09,779 JuliusRTC0 INFO #2: さいせい あげない (0.5615)
2014-03-17 11:05:09,786 JuliusRTC0 INFO LISTEN
2014-03-17 11:05:10,515 JuliusRTC0 INFO STARTREC
2014-03-17 11:05:12,240 JuliusRTC0 INFO ENDREC
2014-03-17 11:05:12,269 JuliusRTC0 INFO #1: さいせい よろしく (1.0)
2014-03-17 11:05:12,276 JuliusRTC0 INFO LISTEN
2014-03-17 11:05:15,572 JuliusRTC0 INFO STARTREC
2014-03-17 11:05:16,213 JuliusRTC0 INFO ENDREC
2014-03-17 11:05:16,243 JuliusRTC0 INFO LISTEN
2014-03-17 11:05:24,401 JuliusRTC0 INFO STARTREC
2014-03-17 11:05:25,934 JuliusRTC0 INFO ENDREC
2014-03-17 11:05:25,977 JuliusRTC0 INFO #1: 右 あげて (0.7945)
2014-03-17 11:05:25,979 JuliusRTC0 INFO #2: 右 さげて (0.562)
2014-03-17 11:05:25,980 JuliusRTC0 INFO #3: 右 あげない (0.5855)
2014-03-17 11:05:25,983 JuliusRTC0 INFO #4: 右 さげない (0.5135)
2014-03-17 11:05:25,983 JuliusRTC0 INFO #5: 左 あげて (0.3185)
2014-03-17 11:05:25,990 JuliusRTC0 INFO LISTEN
2014-03-17 11:05:26,006 JuliusRTC0 INFO STARTREC
2014-03-17 11:05:27,216 JuliusRTC0 INFO ENDREC
2014-03-17 11:05:27,259 JuliusRTC0 INFO #1: 右 さげて (0.2975)
2014-03-17 11:05:27,259 JuliusRTC0 INFO #2: さいせい よろしく (0.431)
2014-03-17 11:05:27,262 JuliusRTC0 INFO #3: 右 さげない (0.4655)
2014-03-17 11:05:27,263 JuliusRTC0 INFO #4: 左 さげて (0.259)
2014-03-17 11:05:27,263 JuliusRTC0 INFO #5: さいせい あげて (0.265)
2014-03-17 11:05:27,270 JuliusRTC0 INFO LISTEN
2014-03-17 11:05:28,371 JuliusRTC0 INFO STARTREC
2014-03-17 11:05:29,134 JuliusRTC0 INFO ENDREC
2014-03-17 11:05:29,174 JuliusRTC0 INFO #1: 右 あげない (0.6385)
2014-03-17 11:05:29,174 JuliusRTC0 INFO #2: 右 あげて (0.603)
2014-03-17 11:05:29,176 JuliusRTC0 INFO #3: 左 あげない (0.3065)
2014-03-17 11:05:29,177 JuliusRTC0 INFO #4: 右 さげない (0.4295)
2014-03-17 11:05:29,177 JuliusRTC0 INFO #5: 右 さげて (0.4135)
2014-03-17 11:05:29,184 JuliusRTC0 INFO LISTEN
2014-03-17 11:05:38,868 JuliusRTC0 INFO STARTREC
2014-03-17 11:05:39,953 JuliusRTC0 INFO ENDREC
2014-03-17 11:05:39,994 JuliusRTC0 INFO #1: 右 よろしく (0.2385)
2014-03-17 11:05:39,996 JuliusRTC0 INFO #2: 右 あげない (0.11)
2014-03-17 11:05:39,997 JuliusRTC0 INFO #3: 右 あげて (0.062)
2014-03-17 11:05:39,999 JuliusRTC0 INFO #4: 左 よろしく (0.5365)
2014-03-17 11:05:40,000 JuliusRTC0 INFO #5: さいせい よろしく (0.147)
2014-03-17 11:05:40,007 JuliusRTC0 INFO LISTEN
2014-03-17 11:05:45,776 JuliusRTC0 INFO STARTREC
2014-03-17 11:05:47,441 JuliusRTC0 INFO ENDREC
2014-03-17 11:05:47,470 JuliusRTC0 INFO #1: さいせい よろしく (1.0)
2014-03-17 11:05:47,477 JuliusRTC0 INFO LISTEN
2014-03-17 11:05:59,095 JuliusRTC0 INFO STARTREC
2014-03-17 11:06:00,434 JuliusRTC0 INFO ENDREC
2014-03-17 11:06:00,463 JuliusRTC0 INFO #1: 右 さげて (0.9975)
2014-03-17 11:06:00,464 JuliusRTC0 INFO #2: 右 さげない (0.5005)
2014-03-17 11:06:00,467 JuliusRTC0 INFO #3: 左 さげて (0.4975)
2014-03-17 11:06:00,467 JuliusRTC0 INFO #4: さいせい さげて (0.4975)
2014-03-17 11:06:00,474 JuliusRTC0 INFO LISTEN
2014-03-17 11:06:01,328 JuliusRTC0 INFO STARTREC
2014-03-17 11:06:02,414 JuliusRTC0 INFO ENDREC
2014-03-17 11:06:02,440 JuliusRTC0 INFO #1: 左 さげて (0.9925)
2014-03-17 11:06:02,443 JuliusRTC0 INFO #2: 左 さげない (0.5025)
2014-03-17 11:06:02,444 JuliusRTC0 INFO #3: 左 あげて (0.505)
2014-03-17 11:06:02,450 JuliusRTC0 INFO LISTEN
2014-03-17 11:06:05,747 JuliusRTC0 INFO STARTREC
2014-03-17 11:06:07,220 JuliusRTC0 INFO ENDREC
2014-03-17 11:06:07,249 JuliusRTC0 INFO #1: さいせい よろしく (1.0)
2014-03-17 11:06:07,256 JuliusRTC0 INFO LISTEN
2014-03-17 11:06:19,573 JuliusRTC0 INFO STARTREC
2014-03-17 11:06:22,253 JuliusRTC0 INFO ENDREC
2014-03-17 11:06:22,292 JuliusRTC0 INFO #1: 右 さげない (0.7605)
2014-03-17 11:06:22,292 JuliusRTC0 INFO #2: さいせい さげない (0.5705)
2014-03-17 11:06:22,295 JuliusRTC0 INFO #3: さいせい あげない (0.2185)
2014-03-17 11:06:22,296 JuliusRTC0 INFO #4: 左 さげない (0.4515)
2014-03-17 11:06:22,296 JuliusRTC0 INFO #5: 右 あげない (0.368)
2014-03-17 11:06:22,305 JuliusRTC0 INFO LISTEN
2014-03-17 11:06:25,648 JuliusRTC0 INFO STARTREC
2014-03-17 11:06:27,121 JuliusRTC0 INFO ENDREC
2014-03-17 11:06:27,154 JuliusRTC0 INFO #1: さいせい さげない (0.9795)
2014-03-17 11:06:27,155 JuliusRTC0 INFO #2: さいせい あげない (0.5055)
2014-03-17 11:06:27,157 JuliusRTC0 INFO #3: 左 さげない (0.4945)
2014-03-17 11:06:27,157 JuliusRTC0 INFO #4: 右 さげない (0.4885)
2014-03-17 11:06:27,158 JuliusRTC0 INFO #5: さいせい さげて (0.493)
2014-03-17 11:06:27,167 JuliusRTC0 INFO LISTEN
2014-03-17 11:06:28,209 JuliusRTC0 INFO STARTREC
2014-03-17 11:06:28,726 JuliusRTC0 INFO ENDREC
2014-03-17 11:06:28,765 JuliusRTC0 INFO #1: 右 あげて (0.759)
2014-03-17 11:06:28,766 JuliusRTC0 INFO #2: 左 あげて (0.499)
2014-03-17 11:06:28,766 JuliusRTC0 INFO #3: 右 よろしく (0.327)
2014-03-17 11:06:28,769 JuliusRTC0 INFO #4: 左 よろしく (0.177)
2014-03-17 11:06:28,776 JuliusRTC0 INFO LISTEN
2014-03-17 11:06:29,042 JuliusRTC0 INFO STARTREC
2014-03-17 11:06:29,621 JuliusRTC0 INFO ENDREC
2014-03-17 11:06:29,660 JuliusRTC0 INFO #1: 左 あげて (0.7475)
2014-03-17 11:06:29,661 JuliusRTC0 INFO #2: 左 さげて (0.3505)
2014-03-17 11:06:29,663 JuliusRTC0 INFO #3: 左 あげない (0.3125)
2014-03-17 11:06:29,664 JuliusRTC0 INFO #4: 右 あげて (0.465)
2014-03-17 11:06:29,665 JuliusRTC0 INFO #5: 右 さげて (0.2165)
2014-03-17 11:06:29,674 JuliusRTC0 INFO LISTEN
2014-03-17 11:06:29,743 JuliusRTC0 INFO STARTREC
2014-03-17 11:06:30,322 JuliusRTC0 INFO ENDREC
2014-03-17 11:06:30,352 JuliusRTC0 INFO #1: 右 よろしく (0.862)
2014-03-17 11:06:30,354 JuliusRTC0 INFO #2: 左 さげて (0.54)
2014-03-17 11:06:30,361 JuliusRTC0 INFO LISTEN
2014-03-17 11:06:40,368 JuliusRTC0 INFO STARTREC
2014-03-17 11:06:41,201 JuliusRTC0 INFO ENDREC
2014-03-17 11:06:41,240 JuliusRTC0 INFO #1: 左 あげて (0.816)
2014-03-17 11:06:41,242 JuliusRTC0 INFO #2: 右 よろしく (0.5715)
2014-03-17 11:06:41,243 JuliusRTC0 INFO #3: 左 さげて (0.5295)
2014-03-17 11:06:41,244 JuliusRTC0 INFO #4: 右 さげて (0.083)
2014-03-17 11:06:41,246 JuliusRTC0 INFO #5: 左 よろしく (0.1405)
2014-03-17 11:06:41,253 JuliusRTC0 INFO LISTEN
2014-03-17 11:06:42,674 JuliusRTC0 INFO STARTREC
2014-03-17 11:06:43,253 JuliusRTC0 INFO ENDREC
2014-03-17 11:06:43,283 JuliusRTC0 INFO #1: 右 よろしく (0.703)
2014-03-17 11:06:43,290 JuliusRTC0 INFO LISTEN
2014-03-17 11:06:44,592 JuliusRTC0 INFO STARTREC
2014-03-17 11:06:45,236 JuliusRTC0 INFO ENDREC
2014-03-17 11:06:45,266 JuliusRTC0 INFO #1: 右 あげて (0.8695)
2014-03-17 11:06:45,267 JuliusRTC0 INFO #2: 左 あげて (0.4705)
2014-03-17 11:06:45,269 JuliusRTC0 INFO #3: 右 さげて (0.28)
2014-03-17 11:06:45,270 JuliusRTC0 INFO #4: 左 さげて (0.2215)
2014-03-17 11:06:45,273 JuliusRTC0 INFO #5: 右 あげない (0.344)
2014-03-17 11:06:45,279 JuliusRTC0 INFO LISTEN
2014-03-17 11:07:01,174 JuliusRTC0 INFO STARTREC
2014-03-17 11:07:02,066 JuliusRTC0 INFO ENDREC
2014-03-17 11:07:02,094 JuliusRTC0 INFO LISTEN
2014-03-17 11:07:02,513 JuliusRTC0 INFO STARTREC
2014-03-17 11:07:05,266 JuliusRTC0 INFO ENDREC
2014-03-17 11:07:05,312 JuliusRTC0 INFO #1: 左 よろしく (0.7225)
2014-03-17 11:07:05,312 JuliusRTC0 INFO #2: 左 あげて (0.685)
2014-03-17 11:07:05,313 JuliusRTC0 INFO #3: 右 さげて (0.1745)
2014-03-17 11:07:05,315 JuliusRTC0 INFO #4: 左 さげて (0.341)
2014-03-17 11:07:05,316 JuliusRTC0 INFO #5: さいせい さげて (0.142)
2014-03-17 11:07:05,323 JuliusRTC0 INFO LISTEN
2014-03-17 11:07:06,546 JuliusRTC0 INFO STARTREC
2014-03-17 11:07:06,801 JuliusRTC0 INFO ENDREC
2014-03-17 11:07:06,867 JuliusRTC0 INFO #1: 右 あげない (0.661)
2014-03-17 11:07:06,871 JuliusRTC0 INFO #2: 右 あげて (0.6395)
2014-03-17 11:07:06,875 JuliusRTC0 INFO #3: 右 さげない (0.539)
2014-03-17 11:07:06,880 JuliusRTC0 INFO #4: 右 よろしく (0.54)
2014-03-17 11:07:06,890 JuliusRTC0 INFO #5: 右 さげて (0.517)
2014-03-17 11:07:06,904 JuliusRTC0 INFO LISTEN
2014-03-17 11:07:16,980 JuliusRTC0 INFO STARTREC
2014-03-17 11:07:17,618 JuliusRTC0 INFO ENDREC
2014-03-17 11:07:17,645 JuliusRTC0 INFO LISTEN
2014-03-17 11:07:19,288 JuliusRTC0 INFO STARTREC
2014-03-17 11:07:20,625 JuliusRTC0 INFO ENDREC
2014-03-17 11:07:20,658 JuliusRTC0 INFO #1: 右 さげない (0.7515)
2014-03-17 11:07:20,660 JuliusRTC0 INFO #2: 右 さげて (0.475)
2014-03-17 11:07:20,661 JuliusRTC0 INFO #3: 左 さげない (0.4875)
2014-03-17 11:07:20,663 JuliusRTC0 INFO #4: さいせい さげない (0.413)
2014-03-17 11:07:20,664 JuliusRTC0 INFO #5: 左 さげて (0.211)
2014-03-17 11:07:20,671 JuliusRTC0 INFO LISTEN
2014-03-17 11:07:21,075 JuliusRTC0 INFO STARTREC
2014-03-17 11:07:22,801 JuliusRTC0 INFO ENDREC
2014-03-17 11:07:22,845 JuliusRTC0 INFO #1: さいせい よろしく (0.607)
2014-03-17 11:07:22,852 JuliusRTC0 INFO #2: さいせい あげて (0.5775)
2014-03-17 11:07:22,858 JuliusRTC0 INFO #3: さいせい さげない (0.5365)
2014-03-17 11:07:22,865 JuliusRTC0 INFO #4: さいせい さげて (0.5165)
2014-03-17 11:07:22,871 JuliusRTC0 INFO #5: さいせい あげない (0.534)
2014-03-17 11:07:22,885 JuliusRTC0 INFO LISTEN
2014-03-17 11:07:23,055 JuliusRTC0 INFO STARTREC
2014-03-17 11:07:23,634 JuliusRTC0 INFO ENDREC
2014-03-17 11:07:23,673 JuliusRTC0 INFO #1: 右 さげて (0.608)
2014-03-17 11:07:23,674 JuliusRTC0 INFO #2: 右 あげて (0.655)
2014-03-17 11:07:23,676 JuliusRTC0 INFO #3: 右 さげない (0.535)
2014-03-17 11:07:23,677 JuliusRTC0 INFO #4: 右 あげない (0.554)
2014-03-17 11:07:23,677 JuliusRTC0 INFO #5: 右 よろしく (0.4515)
2014-03-17 11:07:23,684 JuliusRTC0 INFO LISTEN
2014-03-17 11:07:24,079 JuliusRTC0 INFO STARTREC
2014-03-17 11:07:25,746 JuliusRTC0 INFO ENDREC
2014-03-17 11:07:25,786 JuliusRTC0 INFO #1: さいせい よろしく (0.7035)
2014-03-17 11:07:25,788 JuliusRTC0 INFO #2: さいせい さげない (0.6805)
2014-03-17 11:07:25,789 JuliusRTC0 INFO #3: さいせい さげて (0.564)
2014-03-17 11:07:25,789 JuliusRTC0 INFO #4: 左 さげない (0.2075)
2014-03-17 11:07:25,790 JuliusRTC0 INFO #5: 左 よろしく (0.232)
2014-03-17 11:07:25,798 JuliusRTC0 INFO LISTEN
2014-03-17 11:07:26,640 JuliusRTC0 INFO STARTREC
2014-03-17 11:07:27,148 JuliusRTC0 INFO ENDREC
2014-03-17 11:07:27,177 JuliusRTC0 INFO LISTEN
2014-03-17 11:07:45,392 JuliusRTC0 INFO STARTREC
2014-03-17 11:07:47,061 JuliusRTC0 INFO ENDREC
2014-03-17 11:07:47,091 JuliusRTC0 INFO #1: さいせい よろしく (1.0)
2014-03-17 11:07:47,098 JuliusRTC0 INFO LISTEN
2014-03-17 11:07:49,233 JuliusRTC0 INFO STARTREC
2014-03-17 11:07:50,451 JuliusRTC0 INFO ENDREC
2014-03-17 11:07:50,480 JuliusRTC0 INFO #1: 左 さげて (0.9875)
2014-03-17 11:07:50,482 JuliusRTC0 INFO #2: 左 さげない (0.5015)
2014-03-17 11:07:50,483 JuliusRTC0 INFO #3: 左 あげて (0.511)
2014-03-17 11:07:50,490 JuliusRTC0 INFO LISTEN
2014-03-17 11:07:53,460 JuliusRTC0 INFO STARTREC
2014-03-17 11:07:55,055 JuliusRTC0 INFO ENDREC
2014-03-17 11:07:55,088 JuliusRTC0 INFO #1: 左 よろしく (0.849)
2014-03-17 11:07:55,089 JuliusRTC0 INFO #2: さいせい よろしく (0.6495)
2014-03-17 11:07:55,091 JuliusRTC0 INFO #3: 右 よろしく (0.5015)
2014-03-17 11:07:55,098 JuliusRTC0 INFO LISTEN
2014-03-17 11:08:02,674 JuliusRTC0 INFO STARTREC
2014-03-17 11:08:03,180 JuliusRTC0 INFO ENDREC
2014-03-17 11:08:03,217 JuliusRTC0 INFO #1: 左 あげない (0.566)
2014-03-17 11:08:03,219 JuliusRTC0 INFO #2: 左 あげて (0.5985)
2014-03-17 11:08:03,221 JuliusRTC0 INFO #3: 右 さげない (0.397)
2014-03-17 11:08:03,223 JuliusRTC0 INFO #4: 右 あげない (0.3215)
2014-03-17 11:08:03,224 JuliusRTC0 INFO #5: 右 よろしく (0.489)
2014-03-17 11:08:03,230 JuliusRTC0 INFO LISTEN
2014-03-17 11:08:19,374 JuliusRTC0 INFO STARTREC
2014-03-17 11:08:20,207 JuliusRTC0 INFO ENDREC
2014-03-17 11:08:20,243 JuliusRTC0 INFO #1: 左 さげない (0.6425)
2014-03-17 11:08:20,244 JuliusRTC0 INFO #2: 左 さげて (0.512)
2014-03-17 11:08:20,246 JuliusRTC0 INFO #3: さいせい さげない (0.4115)
2014-03-17 11:08:20,247 JuliusRTC0 INFO #4: さいせい さげて (0.281)
2014-03-17 11:08:20,249 JuliusRTC0 INFO #5: 右 さげない (0.3685)
2014-03-17 11:08:20,256 JuliusRTC0 INFO LISTEN
