2014-03-17 08:40:55,119 manager INFO 1.1.0
2014-03-17 08:40:55,125 manager INFO Copyright (C) 2003-2010
2014-03-17 08:40:55,125 manager INFO   Noriaki Ando
2014-03-17 08:40:55,125 manager INFO   Intelligent Systems Research Institute, AIST
2014-03-17 08:40:55,125 manager INFO Manager starting.
2014-03-17 08:40:55,125 manager INFO Starting local logging.
2014-03-17 08:40:55,141 manager.namingmanager INFO NameServer connection succeeded: corba/localhost
2014-03-17 08:40:57,176 ManagerServant INFO Master manager not found
2014-03-17 08:40:57,177 manager ERROR Traceback (most recent call last):
  File "OpenRTM_aist\Manager.pyc", line 1751, in initManagerServant
IOError: [Errno 2] No such file or directory: '/var/log/rtcmanager.ref'

2014-03-17 08:40:57,342 SEAT0 INFO SEAT (Speech Event Action Transfer) version 2.00
2014-03-17 08:40:57,342 SEAT0 INFO Copyright (C) 2009-2010 Yosuke Matsusaka and Isao Hara
2014-03-17 08:40:57,346 SEAT0 INFO load script file: ..\\MotionByVoiceDemo\\motion_cnoid.seatml
2014-03-17 08:40:57,348 SEAT0 INFO create inport: speechin
2014-03-17 08:40:57,352 SEAT0 INFO create outport: command
2014-03-17 08:40:57,357 SEAT0 INFO register both_down:default:右 あげて
2014-03-17 08:40:57,358 SEAT0 INFO register both_down:default:右 さげない
2014-03-17 08:40:57,358 SEAT0 INFO register both_down:default:左 あげて
2014-03-17 08:40:57,358 SEAT0 INFO register both_down:default:左 さげない
2014-03-17 08:40:57,359 SEAT0 INFO register both_down:default:右 さげて
2014-03-17 08:40:57,359 SEAT0 INFO register both_down:default:右 あげない
2014-03-17 08:40:57,359 SEAT0 INFO register both_down:default:左 さげて
2014-03-17 08:40:57,359 SEAT0 INFO register both_down:default:左 あげない
2014-03-17 08:40:57,361 SEAT0 INFO register both_down:default:さいせい よろしく
2014-03-17 08:40:57,361 SEAT0 INFO register both_up:default:右 さげて
2014-03-17 08:40:57,361 SEAT0 INFO register both_up:default:右 あげない
2014-03-17 08:40:57,362 SEAT0 INFO register both_up:default:左 さげて
2014-03-17 08:40:57,362 SEAT0 INFO register both_up:default:左 あげない
2014-03-17 08:40:57,364 SEAT0 INFO register both_up:default:右 あげて
2014-03-17 08:40:57,364 SEAT0 INFO register both_up:default:右 さげない
2014-03-17 08:40:57,364 SEAT0 INFO register both_up:default:左 あげて
2014-03-17 08:40:57,364 SEAT0 INFO register both_up:default:左 さげない
2014-03-17 08:40:57,365 SEAT0 INFO register left_up:default:左 さげて
2014-03-17 08:40:57,365 SEAT0 INFO register left_up:default:左 あげない
2014-03-17 08:40:57,365 SEAT0 INFO register left_up:default:右 あげて
2014-03-17 08:40:57,367 SEAT0 INFO register left_up:default:右 さげない
2014-03-17 08:40:57,367 SEAT0 INFO register left_up:default:左 あげて
2014-03-17 08:40:57,367 SEAT0 INFO register left_up:default:左 さげない
2014-03-17 08:40:57,368 SEAT0 INFO register left_up:default:右 さげて
2014-03-17 08:40:57,368 SEAT0 INFO register left_up:default:右 あげない
2014-03-17 08:40:57,368 SEAT0 INFO register right_up:default:左 あげて
2014-03-17 08:40:57,368 SEAT0 INFO register right_up:default:左 さげない
2014-03-17 08:40:57,369 SEAT0 INFO register right_up:default:右 さげて
2014-03-17 08:40:57,369 SEAT0 INFO register right_up:default:右 あげない
2014-03-17 08:40:57,371 SEAT0 INFO register right_up:default:左 さげて
2014-03-17 08:40:57,371 SEAT0 INFO register right_up:default:左 あげない
2014-03-17 08:40:57,371 SEAT0 INFO register right_up:default:右 あげて
2014-03-17 08:40:57,371 SEAT0 INFO register right_up:default:右 さげない
2014-03-17 08:40:57,371 SEAT0 INFO current state both_down
2014-03-17 08:40:57,371 SEAT0 INFO loaded successfully
