2014-03-17 08:38:48,321 manager INFO 1.1.0
2014-03-17 08:38:48,326 manager INFO Copyright (C) 2003-2010
2014-03-17 08:38:48,326 manager INFO   Noriaki Ando
2014-03-17 08:38:48,328 manager INFO   Intelligent Systems Research Institute, AIST
2014-03-17 08:38:48,328 manager INFO Manager starting.
2014-03-17 08:38:48,328 manager INFO Starting local logging.
2014-03-17 08:38:48,342 manager.namingmanager INFO NameServer connection succeeded: corba/localhost
2014-03-17 08:38:50,357 ManagerServant INFO Master manager not found
2014-03-17 08:38:50,358 manager ERROR Traceback (most recent call last):
  File "OpenRTM_aist\Manager.pyc", line 1751, in initManagerServant
IOError: [Errno 2] No such file or directory: '/var/log/rtcmanager.ref'

2014-03-17 08:38:50,538 SEAT0 INFO SEAT (Speech Event Action Transfer) version 2.00
2014-03-17 08:38:50,539 SEAT0 INFO Copyright (C) 2009-2010 Yosuke Matsusaka and Isao Hara
2014-03-17 08:38:50,543 SEAT0 INFO load script file: ..\\MotionByVoiceDemo\\motion_cnoid.seatml
2014-03-17 08:38:50,546 SEAT0 INFO create inport: speechin
2014-03-17 08:38:50,552 SEAT0 INFO create outport: command
2014-03-17 08:38:50,558 SEAT0 INFO register both_down:default:右 あげて
2014-03-17 08:38:50,558 SEAT0 INFO register both_down:default:右 さげない
2014-03-17 08:38:50,559 SEAT0 INFO register both_down:default:左 あげて
2014-03-17 08:38:50,559 SEAT0 INFO register both_down:default:左 さげない
2014-03-17 08:38:50,559 SEAT0 INFO register both_down:default:右 さげて
2014-03-17 08:38:50,559 SEAT0 INFO register both_down:default:右 あげない
2014-03-17 08:38:50,561 SEAT0 INFO register both_down:default:左 さげて
2014-03-17 08:38:50,561 SEAT0 INFO register both_down:default:左 あげない
2014-03-17 08:38:50,561 SEAT0 INFO register both_down:default:さいせい よろしく
2014-03-17 08:38:50,562 SEAT0 INFO register both_up:default:右 さげて
2014-03-17 08:38:50,562 SEAT0 INFO register both_up:default:右 あげない
2014-03-17 08:38:50,563 SEAT0 INFO register both_up:default:左 さげて
2014-03-17 08:38:50,563 SEAT0 INFO register both_up:default:左 あげない
2014-03-17 08:38:50,565 SEAT0 INFO register both_up:default:右 あげて
2014-03-17 08:38:50,565 SEAT0 INFO register both_up:default:右 さげない
2014-03-17 08:38:50,565 SEAT0 INFO register both_up:default:左 あげて
2014-03-17 08:38:50,565 SEAT0 INFO register both_up:default:左 さげない
2014-03-17 08:38:50,566 SEAT0 INFO register left_up:default:左 さげて
2014-03-17 08:38:50,566 SEAT0 INFO register left_up:default:左 あげない
2014-03-17 08:38:50,568 SEAT0 INFO register left_up:default:右 あげて
2014-03-17 08:38:50,568 SEAT0 INFO register left_up:default:右 さげない
2014-03-17 08:38:50,569 SEAT0 INFO register left_up:default:左 あげて
2014-03-17 08:38:50,569 SEAT0 INFO register left_up:default:左 さげない
2014-03-17 08:38:50,569 SEAT0 INFO register left_up:default:右 さげて
2014-03-17 08:38:50,569 SEAT0 INFO register left_up:default:右 あげない
2014-03-17 08:38:50,571 SEAT0 INFO register right_up:default:左 あげて
2014-03-17 08:38:50,571 SEAT0 INFO register right_up:default:左 さげない
2014-03-17 08:38:50,572 SEAT0 INFO register right_up:default:右 さげて
2014-03-17 08:38:50,572 SEAT0 INFO register right_up:default:右 あげない
2014-03-17 08:38:50,572 SEAT0 INFO register right_up:default:左 さげて
2014-03-17 08:38:50,572 SEAT0 INFO register right_up:default:左 あげない
2014-03-17 08:38:50,572 SEAT0 INFO register right_up:default:右 あげて
2014-03-17 08:38:50,572 SEAT0 INFO register right_up:default:右 さげない
2014-03-17 08:38:50,573 SEAT0 INFO current state both_down
2014-03-17 08:38:50,573 SEAT0 INFO loaded successfully
2014-03-17 08:39:23,588 SdoServiceAdmin WARNING No available SDO service in the factory: 
2014-03-17 08:39:23,589 SdoServiceAdmin ERROR type  already exists.
2014-03-17 08:39:23,592 SdoServiceAdmin WARNING No available SDO service in the factory: IDL:OpenRTM/ComponentObserver:1.0
2014-03-17 08:39:23,594 SdoServiceAdmin ERROR type 42050f3d-e909-4847-a7ee-40f58d922f18 already exists.
2014-03-17 08:39:37,845 SEAT0 INFO got input <?xml version="1.0" encoding="utf-8"?><listenText><data likelihood="-9260.410156" rank="1" score="0.6405" text="左 あげない"><word score="0.642" text="左"/><word score="0.639" text="あげない"/></data><data likelihood="-9274.842773" rank="2" score="0.3755" text="さいせい あげない"><word score="0.112" text="さいせい"/><word score="0.639" text="あげない"/></data><data likelihood="-9275.720703" rank="3" score="0.444" text="左 さげない"><word score="0.711" text="左"/><word score="0.177" text="さげない"/></data><data likelihood="-9275.859375" rank="4" score="0.228" text="左 あげて"><word score="0.332" text="左"/><word score="0.124" text="あげて"/></data><data likelihood="-9276.706055" rank="5" score="0.4425" text="右 あげない"><word score="0.246" text="右"/><word score="0.639" text="あげない"/></data></listenText> (speechin)
2014-03-17 08:39:37,849 SEAT0 INFO #1: 左 あげない (0.640500)
2014-03-17 08:39:37,849 SEAT0 INFO looking up...speechin: 左 あげない
2014-03-17 08:39:37,851 SEAT0 INFO sending command none (to command)
2014-03-17 08:39:41,611 SEAT0 INFO got input <?xml version="1.0" encoding="utf-8"?><listenText><data likelihood="-7525.644043" rank="1" score="0.5985" text="右 さげて"><word score="0.870" text="右"/><word score="0.327" text="さげて"/></data><data likelihood="-7530.285645" rank="2" score="0.5305" text="右 さげない"><word score="0.870" text="右"/><word score="0.191" text="さげない"/></data><data likelihood="-7542.500488" rank="3" score="0.5805" text="右 あげて"><word score="0.858" text="右"/><word score="0.303" text="あげて"/></data><data likelihood="-7546.034180" rank="4" score="0.214" text="左 あげて"><word score="0.125" text="左"/><word score="0.303" text="あげて"/></data><data likelihood="-7547.142090" rank="5" score="0.518" text="右 あげない"><word score="0.858" text="右"/><word score="0.178" text="あげない"/></data></listenText> (speechin)
2014-03-17 08:39:41,615 SEAT0 INFO #1: 右 さげて (0.598500)
2014-03-17 08:39:41,615 SEAT0 INFO looking up...speechin: 右 さげて
2014-03-17 08:39:41,615 SEAT0 INFO sending command none (to command)
2014-03-17 08:39:45,769 SEAT0 INFO got input <?xml version="1.0" encoding="utf-8"?><listenText><data likelihood="-7840.838379" rank="1" score="0.588" text="左 あげて"><word score="0.808" text="左"/><word score="0.368" text="あげて"/></data><data likelihood="-7841.177734" rank="2" score="0.4055" text="右 あげない"><word score="0.477" text="右"/><word score="0.334" text="あげない"/></data><data likelihood="-7845.904297" rank="3" score="0.341" text="右 さげない"><word score="0.512" text="右"/><word score="0.170" text="さげない"/></data><data likelihood="-7848.650879" rank="4" score="0.4595" text="左 さげて"><word score="0.793" text="左"/><word score="0.126" text="さげて"/></data><data likelihood="-7849.367676" rank="5" score="0.327" text="左 あげない"><word score="0.320" text="左"/><word score="0.334" text="あげない"/></data></listenText> (speechin)
2014-03-17 08:39:45,776 SEAT0 INFO #1: 左 あげて (0.588000)
2014-03-17 08:39:45,776 SEAT0 INFO looking up...speechin: 左 あげて
2014-03-17 08:39:45,779 SEAT0 INFO sending command leftup1 (to command)
2014-03-17 08:39:45,782 SEAT0 INFO state transition from both_down to left_up
2014-03-17 08:39:51,559 SEAT0 INFO got input <?xml version="1.0" encoding="utf-8"?><listenText><data likelihood="-13676.710938" rank="1" score="0.4375" text="右 さげて"><word score="0.635" text="右"/><word score="0.240" text="さげて"/></data><data likelihood="-13677.145508" rank="2" score="0.559" text="右 あげて"><word score="0.562" text="右"/><word score="0.556" text="あげて"/></data><data likelihood="-13678.827148" rank="3" score="0.4945" text="左 あげて"><word score="0.433" text="左"/><word score="0.556" text="あげて"/></data><data likelihood="-13681.257813" rank="4" score="0.3" text="左 さげて"><word score="0.360" text="左"/><word score="0.240" text="さげて"/></data><data likelihood="-13688.668945" rank="5" score="0.3555" text="右 さげない"><word score="0.650" text="右"/><word score="0.061" text="さげない"/></data></listenText> (speechin)
2014-03-17 08:39:51,562 SEAT0 INFO #1: 右 さげて (0.437500)
2014-03-17 08:39:51,563 SEAT0 INFO looking up...speechin: 右 さげて
2014-03-17 08:39:51,563 SEAT0 INFO sending command none (to command)
