2014-03-17 11:04:09,605 manager INFO 1.1.0
2014-03-17 11:04:09,611 manager INFO Copyright (C) 2003-2010
2014-03-17 11:04:09,611 manager INFO   Noriaki Ando
2014-03-17 11:04:09,611 manager INFO   Intelligent Systems Research Institute, AIST
2014-03-17 11:04:09,612 manager INFO Manager starting.
2014-03-17 11:04:09,612 manager INFO Starting local logging.
2014-03-17 11:04:09,628 manager.namingmanager INFO NameServer connection succeeded: corba/localhost
2014-03-17 11:04:11,651 ManagerServant INFO Master manager not found
2014-03-17 11:04:11,653 manager ERROR Traceback (most recent call last):
  File "OpenRTM_aist\Manager.pyc", line 1751, in initManagerServant
IOError: [Errno 2] No such file or directory: '/var/log/rtcmanager.ref'

2014-03-17 11:04:11,812 SEAT0 INFO SEAT (Speech Event Action Transfer) version 2.00
2014-03-17 11:04:11,812 SEAT0 INFO Copyright (C) 2009-2010 Yosuke Matsusaka and Isao Hara
2014-03-17 11:04:11,816 SEAT0 INFO load script file: ..\\MotionByVoiceDemo\\motion_cnoid.seatml
2014-03-17 11:04:11,819 SEAT0 INFO create inport: speechin
2014-03-17 11:04:11,822 SEAT0 INFO create outport: command
2014-03-17 11:04:11,828 SEAT0 INFO register both_down:default:右 あげて
2014-03-17 11:04:11,828 SEAT0 INFO register both_down:default:右 さげない
2014-03-17 11:04:11,828 SEAT0 INFO register both_down:default:左 あげて
2014-03-17 11:04:11,828 SEAT0 INFO register both_down:default:左 さげない
2014-03-17 11:04:11,829 SEAT0 INFO register both_down:default:右 さげて
2014-03-17 11:04:11,829 SEAT0 INFO register both_down:default:右 あげない
2014-03-17 11:04:11,831 SEAT0 INFO register both_down:default:左 さげて
2014-03-17 11:04:11,831 SEAT0 INFO register both_down:default:左 あげない
2014-03-17 11:04:11,831 SEAT0 INFO register both_down:default:さいせい よろしく
2014-03-17 11:04:11,832 SEAT0 INFO register both_up:default:右 さげて
2014-03-17 11:04:11,832 SEAT0 INFO register both_up:default:右 あげない
2014-03-17 11:04:11,832 SEAT0 INFO register both_up:default:左 さげて
2014-03-17 11:04:11,832 SEAT0 INFO register both_up:default:左 あげない
2014-03-17 11:04:11,834 SEAT0 INFO register both_up:default:右 あげて
2014-03-17 11:04:11,834 SEAT0 INFO register both_up:default:右 さげない
2014-03-17 11:04:11,835 SEAT0 INFO register both_up:default:左 あげて
2014-03-17 11:04:11,835 SEAT0 INFO register both_up:default:左 さげない
2014-03-17 11:04:11,835 SEAT0 INFO register left_up:default:左 さげて
2014-03-17 11:04:11,835 SEAT0 INFO register left_up:default:左 あげない
2014-03-17 11:04:11,836 SEAT0 INFO register left_up:default:右 あげて
2014-03-17 11:04:11,836 SEAT0 INFO register left_up:default:右 さげない
2014-03-17 11:04:11,838 SEAT0 INFO register left_up:default:左 あげて
2014-03-17 11:04:11,838 SEAT0 INFO register left_up:default:左 さげない
2014-03-17 11:04:11,838 SEAT0 INFO register left_up:default:右 さげて
2014-03-17 11:04:11,838 SEAT0 INFO register left_up:default:右 あげない
2014-03-17 11:04:11,838 SEAT0 INFO register right_up:default:左 あげて
2014-03-17 11:04:11,839 SEAT0 INFO register right_up:default:左 さげない
2014-03-17 11:04:11,839 SEAT0 INFO register right_up:default:右 さげて
2014-03-17 11:04:11,841 SEAT0 INFO register right_up:default:右 あげない
2014-03-17 11:04:11,841 SEAT0 INFO register right_up:default:左 さげて
2014-03-17 11:04:11,841 SEAT0 INFO register right_up:default:左 あげない
2014-03-17 11:04:11,842 SEAT0 INFO register right_up:default:右 あげて
2014-03-17 11:04:11,842 SEAT0 INFO register right_up:default:右 さげない
2014-03-17 11:04:11,842 SEAT0 INFO current state both_down
2014-03-17 11:04:11,842 SEAT0 INFO loaded successfully
2014-03-17 11:04:27,749 SEAT0 INFO got input <?xml version="1.0" encoding="utf-8"?><listenText><data likelihood="-1923.124756" rank="1" score="0.854" text="右 あげて"><word score="1.000" text="右"/><word score="0.708" text="あげて"/></data><data likelihood="-1976.379150" rank="2" score="0.6275" text="右 さげて"><word score="1.000" text="右"/><word score="0.255" text="さげて"/></data><data likelihood="-1994.029419" rank="3" score="0.354" text="左 あげて"><word score="0.000" text="左"/><word score="0.708" text="あげて"/></data><data likelihood="-2002.931152" rank="4" score="0.4875" text="右 あげない"><word score="0.948" text="右"/><word score="0.027" text="あげない"/></data><data likelihood="-2005.676025" rank="5" score="0.354" text="さいせい あげて"><word score="0.000" text="さいせい"/><word score="0.708" text="あげて"/></data></listenText> (speechin)
2014-03-17 11:04:27,755 SEAT0 INFO #1: 右 あげて (0.854000)
2014-03-17 11:04:27,755 SEAT0 INFO looking up...speechin: 右 あげて
2014-03-17 11:04:27,755 SEAT0 INFO sending command rightup1 (to command)
2014-03-17 11:04:27,756 SEAT0 INFO state transition from both_down to right_up
2014-03-17 11:04:30,167 SEAT0 INFO got input <?xml version="1.0" encoding="utf-8"?><listenText><data likelihood="-1880.460815" rank="1" score="0.8085" text="右 あげて"><word score="0.872" text="右"/><word score="0.745" text="あげて"/></data></listenText> (speechin)
2014-03-17 11:04:30,168 SEAT0 INFO #1: 右 あげて (0.808500)
2014-03-17 11:04:30,170 SEAT0 INFO looking up...speechin: 右 あげて
2014-03-17 11:04:30,170 SEAT0 INFO sending command none (to command)
2014-03-17 11:04:32,282 SEAT0 INFO got input <?xml version="1.0" encoding="utf-8"?><listenText><data likelihood="-1976.390381" rank="1" score="0.6435" text="右 あげて"><word score="0.408" text="右"/><word score="0.879" text="あげて"/></data></listenText> (speechin)
2014-03-17 11:04:32,283 SEAT0 INFO #1: 右 あげて (0.643500)
2014-03-17 11:04:32,283 SEAT0 INFO looking up...speechin: 右 あげて
2014-03-17 11:04:32,285 SEAT0 INFO sending command none (to command)
2014-03-17 11:04:34,142 SEAT0 INFO got input <?xml version="1.0" encoding="utf-8"?><listenText><data likelihood="-1927.131470" rank="1" score="0.8255" text="左 あげて"><word score="0.990" text="左"/><word score="0.661" text="あげて"/></data><data likelihood="-1942.514771" rank="2" score="0.54" text="左 あげない"><word score="0.922" text="左"/><word score="0.158" text="あげない"/></data><data likelihood="-1953.325928" rank="3" score="0.528" text="右 さげて"><word score="0.902" text="右"/><word score="0.154" text="さげて"/></data><data likelihood="-1954.440430" rank="4" score="0.5065" text="右 さげない"><word score="0.991" text="右"/><word score="0.022" text="さげない"/></data></listenText> (speechin)
2014-03-17 11:04:34,147 SEAT0 INFO #1: 左 あげて (0.825500)
2014-03-17 11:04:34,147 SEAT0 INFO looking up...speechin: 左 あげて
2014-03-17 11:04:34,147 SEAT0 INFO sending command leftup2 (to command)
2014-03-17 11:04:34,148 SEAT0 INFO state transition from right_up to both_up
2014-03-17 11:04:36,822 SEAT0 INFO got input <?xml version="1.0" encoding="utf-8"?><listenText><data likelihood="-2764.513916" rank="1" score="0.9855" text="左 さげて"><word score="0.999" text="左"/><word score="0.972" text="さげて"/></data><data likelihood="-2807.293213" rank="2" score="0.506" text="左 あげて"><word score="0.988" text="左"/><word score="0.024" text="あげて"/></data><data likelihood="-2814.094727" rank="3" score="0.501" text="左 さげない"><word score="0.999" text="左"/><word score="0.003" text="さげない"/></data></listenText> (speechin)
2014-03-17 11:04:36,826 SEAT0 INFO #1: 左 さげて (0.985500)
2014-03-17 11:04:36,826 SEAT0 INFO looking up...speechin: 左 さげて
2014-03-17 11:04:36,826 SEAT0 INFO sending command leftdown2 (to command)
2014-03-17 11:04:36,828 SEAT0 INFO state transition from both_up to right_up
2014-03-17 11:04:38,940 SEAT0 INFO got input <?xml version="1.0" encoding="utf-8"?><listenText><data likelihood="-2477.283447" rank="1" score="0.9865" text="右 さげて"><word score="1.000" text="右"/><word score="0.973" text="さげて"/></data><data likelihood="-2529.009277" rank="2" score="0.5125" text="右 あげて"><word score="1.000" text="右"/><word score="0.025" text="あげて"/></data><data likelihood="-2530.861084" rank="3" score="0.501" text="右 さげない"><word score="1.000" text="右"/><word score="0.002" text="さげない"/></data><data likelihood="-2568.599365" rank="4" score="0.4865" text="左 さげて"><word score="0.000" text="左"/><word score="0.973" text="さげて"/></data><data likelihood="-2569.840820" rank="5" score="0.4865" text="さいせい さげて"><word score="0.000" text="さいせい"/><word score="0.973" text="さげて"/></data></listenText> (speechin)
2014-03-17 11:04:38,946 SEAT0 INFO #1: 右 さげて (0.986500)
2014-03-17 11:04:38,947 SEAT0 INFO looking up...speechin: 右 さげて
2014-03-17 11:04:38,947 SEAT0 INFO sending command rightdown1 (to command)
2014-03-17 11:04:38,947 SEAT0 INFO state transition from right_up to both_down
2014-03-17 11:04:40,926 SEAT0 INFO got input <?xml version="1.0" encoding="utf-8"?><listenText><data likelihood="-2169.479248" rank="1" score="0.6715" text="右 あげて"><word score="0.792" text="右"/><word score="0.551" text="あげて"/></data><data likelihood="-2177.749268" rank="2" score="0.46" text="右 よろしく"><word score="0.739" text="右"/><word score="0.181" text="よろしく"/></data><data likelihood="-2181.960693" rank="3" score="0.2" text="左 よろしく"><word score="0.219" text="左"/><word score="0.181" text="よろしく"/></data></listenText> (speechin)
2014-03-17 11:04:40,930 SEAT0 INFO #1: 右 あげて (0.671500)
2014-03-17 11:04:40,930 SEAT0 INFO looking up...speechin: 右 あげて
2014-03-17 11:04:40,930 SEAT0 INFO sending command rightup1 (to command)
2014-03-17 11:04:40,930 SEAT0 INFO state transition from both_down to right_up
2014-03-17 11:04:43,684 SEAT0 INFO got input <?xml version="1.0" encoding="utf-8"?><listenText><data likelihood="-4496.163086" rank="1" score="0.8095" text="左 よろしく"><word score="0.627" text="左"/><word score="0.992" text="よろしく"/></data><data likelihood="-4498.546875" rank="2" score="0.6435" text="さいせい よろしく"><word score="0.295" text="さいせい"/><word score="0.992" text="よろしく"/></data><data likelihood="-4514.182129" rank="3" score="0.535" text="右 よろしく"><word score="0.078" text="右"/><word score="0.992" text="よろしく"/></data><data likelihood="-4539.977539" rank="4" score="0.2255" text="右 さげて"><word score="0.447" text="右"/><word score="0.004" text="さげて"/></data><data likelihood="-4544.254883" rank="5" score="0.191" text="左 さげて"><word score="0.378" text="左"/><word score="0.004" text="さげて"/></data></listenText> (speechin)
2014-03-17 11:04:43,690 SEAT0 INFO #1: 左 よろしく (0.809500)
2014-03-17 11:04:43,690 SEAT0 INFO looking up...speechin: 左 よろしく
2014-03-17 11:04:43,690 SEAT0 INFO looking up...speechin: 左 よろしく
2014-03-17 11:04:43,690 SEAT0 INFO [rejected] no matching phrases
2014-03-17 11:04:43,690 SEAT0 INFO #2: さいせい よろしく (0.643500)
2014-03-17 11:04:43,690 SEAT0 INFO looking up...speechin: さいせい よろしく
2014-03-17 11:04:43,691 SEAT0 INFO looking up...speechin: さいせい よろしく
2014-03-17 11:04:43,691 SEAT0 INFO [rejected] no matching phrases
2014-03-17 11:04:43,691 SEAT0 INFO #3: 右 よろしく (0.535000)
2014-03-17 11:04:43,693 SEAT0 INFO looking up...speechin: 右 よろしく
2014-03-17 11:04:43,693 SEAT0 INFO looking up...speechin: 右 よろしく
2014-03-17 11:04:43,693 SEAT0 INFO [rejected] no matching phrases
2014-03-17 11:04:43,694 SEAT0 INFO #4: 右 さげて (0.225500)
2014-03-17 11:04:43,694 SEAT0 INFO looking up...speechin: 右 さげて
2014-03-17 11:04:43,694 SEAT0 INFO sending command rightdown1 (to command)
2014-03-17 11:04:43,694 SEAT0 INFO state transition from right_up to both_down
2014-03-17 11:04:44,635 SEAT0 INFO got input <?xml version="1.0" encoding="utf-8"?><listenText><data likelihood="-2326.152588" rank="1" score="0.655" text="右 さげない"><word score="0.678" text="右"/><word score="0.632" text="さげない"/></data><data likelihood="-2331.795654" rank="2" score="0.447" text="右 あげない"><word score="0.538" text="右"/><word score="0.356" text="あげない"/></data><data likelihood="-2333.986572" rank="3" score="0.459" text="左 さげない"><word score="0.286" text="左"/><word score="0.632" text="さげない"/></data><data likelihood="-2337.070801" rank="4" score="0.3925" text="左 あげない"><word score="0.429" text="左"/><word score="0.356" text="あげない"/></data><data likelihood="-2352.198486" rank="5" score="0.334" text="さいせい さげない"><word score="0.036" text="さいせい"/><word score="0.632" text="さげない"/></data></listenText> (speechin)
2014-03-17 11:04:44,641 SEAT0 INFO #1: 右 さげない (0.655000)
2014-03-17 11:04:44,641 SEAT0 INFO looking up...speechin: 右 さげない
2014-03-17 11:04:44,641 SEAT0 INFO sending command rightup1 (to command)
2014-03-17 11:04:44,642 SEAT0 INFO state transition from both_down to right_up
2014-03-17 11:04:53,973 SEAT0 INFO got input <?xml version="1.0" encoding="utf-8"?><listenText><data likelihood="-3720.705078" rank="1" score="0.9985" text="さいせい よろしく"><word score="1.000" text="さいせい"/><word score="0.997" text="よろしく"/></data><data likelihood="-3775.548828" rank="2" score="0.501" text="さいせい あげて"><word score="1.000" text="さいせい"/><word score="0.002" text="あげて"/></data></listenText> (speechin)
2014-03-17 11:04:53,976 SEAT0 INFO #1: さいせい よろしく (0.998500)
2014-03-17 11:04:53,976 SEAT0 INFO looking up...speechin: さいせい よろしく
2014-03-17 11:04:53,977 SEAT0 INFO looking up...speechin: さいせい よろしく
2014-03-17 11:04:53,977 SEAT0 INFO [rejected] no matching phrases
2014-03-17 11:04:53,979 SEAT0 INFO #2: さいせい あげて (0.501000)
2014-03-17 11:04:53,979 SEAT0 INFO looking up...speechin: さいせい あげて
2014-03-17 11:04:53,979 SEAT0 INFO looking up...speechin: さいせい あげて
2014-03-17 11:04:53,980 SEAT0 INFO [rejected] no matching phrases
2014-03-17 11:04:53,980 SEAT0 INFO no command found
2014-03-17 11:04:57,046 SEAT0 INFO got input <?xml version="1.0" encoding="utf-8"?><listenText><data likelihood="-3723.423340" rank="1" score="1.0" text="さいせい よろしく"><word score="1.000" text="さいせい"/><word score="1.000" text="よろしく"/></data></listenText> (speechin)
2014-03-17 11:04:57,049 SEAT0 INFO #1: さいせい よろしく (1.000000)
2014-03-17 11:04:57,049 SEAT0 INFO looking up...speechin: さいせい よろしく
2014-03-17 11:04:57,049 SEAT0 INFO looking up...speechin: さいせい よろしく
2014-03-17 11:04:57,049 SEAT0 INFO [rejected] no matching phrases
2014-03-17 11:04:57,049 SEAT0 INFO no command found
2014-03-17 11:05:00,888 SEAT0 INFO got input <?xml version="1.0" encoding="utf-8"?><listenText><data likelihood="-4261.932617" rank="1" score="1.0" text="さいせい よろしく"><word score="1.000" text="さいせい"/><word score="1.000" text="よろしく"/></data></listenText> (speechin)
2014-03-17 11:05:00,890 SEAT0 INFO #1: さいせい よろしく (1.000000)
2014-03-17 11:05:00,890 SEAT0 INFO looking up...speechin: さいせい よろしく
2014-03-17 11:05:00,891 SEAT0 INFO looking up...speechin: さいせい よろしく
2014-03-17 11:05:00,891 SEAT0 INFO [rejected] no matching phrases
2014-03-17 11:05:00,891 SEAT0 INFO no command found
2014-03-17 11:05:04,849 SEAT0 INFO got input <?xml version="1.0" encoding="utf-8"?><listenText><data likelihood="-4022.318115" rank="1" score="1.0" text="さいせい よろしく"><word score="1.000" text="さいせい"/><word score="1.000" text="よろしく"/></data></listenText> (speechin)
2014-03-17 11:05:04,851 SEAT0 INFO #1: さいせい よろしく (1.000000)
2014-03-17 11:05:04,852 SEAT0 INFO looking up...speechin: さいせい よろしく
2014-03-17 11:05:04,852 SEAT0 INFO looking up...speechin: さいせい よろしく
2014-03-17 11:05:04,852 SEAT0 INFO [rejected] no matching phrases
2014-03-17 11:05:04,854 SEAT0 INFO no command found
2014-03-17 11:05:08,694 SEAT0 INFO got input <?xml version="1.0" encoding="utf-8"?><listenText><data likelihood="-3113.712646" rank="1" score="0.796" text="右 あげない"><word score="0.988" text="右"/><word score="0.604" text="あげない"/></data><data likelihood="-3122.660645" rank="2" score="0.567" text="右 さげない"><word score="0.985" text="右"/><word score="0.149" text="さげない"/></data><data likelihood="-3124.470459" rank="3" score="0.592" text="右 あげて"><word score="0.993" text="右"/><word score="0.191" text="あげて"/></data><data likelihood="-3131.517822" rank="4" score="0.5245" text="右 さげて"><word score="0.996" text="右"/><word score="0.053" text="さげて"/></data></listenText> (speechin)
2014-03-17 11:05:08,700 SEAT0 INFO #1: 右 あげない (0.796000)
2014-03-17 11:05:08,700 SEAT0 INFO looking up...speechin: 右 あげない
2014-03-17 11:05:08,700 SEAT0 INFO sending command rightdown1 (to command)
2014-03-17 11:05:08,701 SEAT0 INFO state transition from right_up to both_down
2014-03-17 11:05:09,785 SEAT0 INFO got input <?xml version="1.0" encoding="utf-8"?><listenText><data likelihood="-2426.407471" rank="1" score="0.927" text="さいせい あげて"><word score="0.999" text="さいせい"/><word score="0.855" text="あげて"/></data><data likelihood="-2445.505127" rank="2" score="0.5615" text="さいせい あげない"><word score="0.999" text="さいせい"/><word score="0.124" text="あげない"/></data></listenText> (speechin)
2014-03-17 11:05:09,788 SEAT0 INFO #1: さいせい あげて (0.927000)
2014-03-17 11:05:09,788 SEAT0 INFO looking up...speechin: さいせい あげて
2014-03-17 11:05:09,788 SEAT0 INFO looking up...speechin: さいせい あげて
2014-03-17 11:05:09,789 SEAT0 INFO [rejected] no matching phrases
2014-03-17 11:05:09,789 SEAT0 INFO #2: さいせい あげない (0.561500)
2014-03-17 11:05:09,789 SEAT0 INFO looking up...speechin: さいせい あげない
2014-03-17 11:05:09,789 SEAT0 INFO looking up...speechin: さいせい あげない
2014-03-17 11:05:09,789 SEAT0 INFO [rejected] no matching phrases
2014-03-17 11:05:09,789 SEAT0 INFO no command found
2014-03-17 11:05:12,275 SEAT0 INFO got input <?xml version="1.0" encoding="utf-8"?><listenText><data likelihood="-4212.159180" rank="1" score="1.0" text="さいせい よろしく"><word score="1.000" text="さいせい"/><word score="1.000" text="よろしく"/></data></listenText> (speechin)
2014-03-17 11:05:12,276 SEAT0 INFO #1: さいせい よろしく (1.000000)
2014-03-17 11:05:12,278 SEAT0 INFO looking up...speechin: さいせい よろしく
2014-03-17 11:05:12,278 SEAT0 INFO sending command SampleMotion1 (to command)
2014-03-17 11:05:25,989 SEAT0 INFO got input <?xml version="1.0" encoding="utf-8"?><listenText><data likelihood="-4343.197266" rank="1" score="0.7945" text="右 あげて"><word score="0.975" text="右"/><word score="0.614" text="あげて"/></data><data likelihood="-4346.487305" rank="2" score="0.562" text="右 さげて"><word score="0.982" text="右"/><word score="0.142" text="さげて"/></data><data likelihood="-4353.123047" rank="3" score="0.5855" text="右 あげない"><word score="0.975" text="右"/><word score="0.196" text="あげない"/></data><data likelihood="-4356.412598" rank="4" score="0.5135" text="右 さげない"><word score="0.982" text="右"/><word score="0.045" text="さげない"/></data><data likelihood="-4372.837402" rank="5" score="0.3185" text="左 あげて"><word score="0.023" text="左"/><word score="0.614" text="あげて"/></data></listenText> (speechin)
2014-03-17 11:05:25,993 SEAT0 INFO #1: 右 あげて (0.794500)
2014-03-17 11:05:25,993 SEAT0 INFO looking up...speechin: 右 あげて
2014-03-17 11:05:25,993 SEAT0 INFO sending command rightup1 (to command)
2014-03-17 11:05:25,994 SEAT0 INFO state transition from both_down to right_up
2014-03-17 11:05:27,269 SEAT0 INFO got input <?xml version="1.0" encoding="utf-8"?><listenText><data likelihood="-3559.349121" rank="1" score="0.2975" text="右 さげて"><word score="0.296" text="右"/><word score="0.299" text="さげて"/></data><data likelihood="-3560.629883" rank="2" score="0.431" text="さいせい よろしく"><word score="0.624" text="さいせい"/><word score="0.238" text="よろしく"/></data><data likelihood="-3560.877930" rank="3" score="0.4655" text="右 さげない"><word score="0.684" text="右"/><word score="0.247" text="さげない"/></data><data likelihood="-3564.355957" rank="4" score="0.259" text="左 さげて"><word score="0.219" text="左"/><word score="0.299" text="さげて"/></data><data likelihood="-3566.977539" rank="5" score="0.265" text="さいせい あげて"><word score="0.324" text="さいせい"/><word score="0.206" text="あげて"/></data></listenText> (speechin)
2014-03-17 11:05:27,275 SEAT0 INFO #1: 右 さげて (0.297500)
2014-03-17 11:05:27,275 SEAT0 INFO looking up...speechin: 右 さげて
2014-03-17 11:05:27,275 SEAT0 INFO sending command rightdown1 (to command)
2014-03-17 11:05:27,276 SEAT0 INFO state transition from right_up to both_down
2014-03-17 11:05:29,184 SEAT0 INFO got input <?xml version="1.0" encoding="utf-8"?><listenText><data likelihood="-2164.739502" rank="1" score="0.6385" text="右 あげない"><word score="0.808" text="右"/><word score="0.469" text="あげない"/></data><data likelihood="-2166.216797" rank="2" score="0.603" text="右 あげて"><word score="0.810" text="右"/><word score="0.396" text="あげて"/></data><data likelihood="-2179.531494" rank="3" score="0.3065" text="左 あげない"><word score="0.144" text="左"/><word score="0.469" text="あげない"/></data><data likelihood="-2197.635254" rank="4" score="0.4295" text="右 さげない"><word score="0.798" text="右"/><word score="0.061" text="さげない"/></data><data likelihood="-2210.802002" rank="5" score="0.4135" text="右 さげて"><word score="0.776" text="右"/><word score="0.051" text="さげて"/></data></listenText> (speechin)
2014-03-17 11:05:29,188 SEAT0 INFO #1: 右 あげない (0.638500)
2014-03-17 11:05:29,190 SEAT0 INFO looking up...speechin: 右 あげない
2014-03-17 11:05:29,190 SEAT0 INFO sending command none (to command)
2014-03-17 11:05:40,006 SEAT0 INFO got input <?xml version="1.0" encoding="utf-8"?><listenText><data likelihood="-3111.680176" rank="1" score="0.2385" text="右 よろしく"><word score="0.196" text="右"/><word score="0.281" text="よろしく"/></data><data likelihood="-3116.479248" rank="2" score="0.11" text="右 あげない"><word score="0.062" text="右"/><word score="0.158" text="あげない"/></data><data likelihood="-3123.458496" rank="3" score="0.062" text="右 あげて"><word score="0.052" text="右"/><word score="0.072" text="あげて"/></data><data likelihood="-3140.555908" rank="4" score="0.5365" text="左 よろしく"><word score="0.792" text="左"/><word score="0.281" text="よろしく"/></data><data likelihood="-3143.559082" rank="5" score="0.147" text="さいせい よろしく"><word score="0.013" text="さいせい"/><word score="0.281" text="よろしく"/></data></listenText> (speechin)
2014-03-17 11:05:40,009 SEAT0 INFO #1: 右 よろしく (0.238500)
2014-03-17 11:05:40,010 SEAT0 INFO looking up...speechin: 右 よろしく
2014-03-17 11:05:40,010 SEAT0 INFO looking up...speechin: 右 よろしく
2014-03-17 11:05:40,010 SEAT0 INFO [rejected] no matching phrases
2014-03-17 11:05:40,012 SEAT0 INFO #2: 右 あげない (0.110000)
2014-03-17 11:05:40,012 SEAT0 INFO looking up...speechin: 右 あげない
2014-03-17 11:05:40,012 SEAT0 INFO sending command none (to command)
2014-03-17 11:05:47,476 SEAT0 INFO got input <?xml version="1.0" encoding="utf-8"?><listenText><data likelihood="-4498.101563" rank="1" score="1.0" text="さいせい よろしく"><word score="1.000" text="さいせい"/><word score="1.000" text="よろしく"/></data></listenText> (speechin)
2014-03-17 11:05:47,477 SEAT0 INFO #1: さいせい よろしく (1.000000)
2014-03-17 11:05:47,477 SEAT0 INFO looking up...speechin: さいせい よろしく
2014-03-17 11:05:47,479 SEAT0 INFO sending command SampleMotion1 (to command)
2014-03-17 11:06:00,474 SEAT0 INFO got input <?xml version="1.0" encoding="utf-8"?><listenText><data likelihood="-3255.776123" rank="1" score="0.9975" text="右 さげて"><word score="1.000" text="右"/><word score="0.995" text="さげて"/></data><data likelihood="-3313.389404" rank="2" score="0.5005" text="右 さげない"><word score="1.000" text="右"/><word score="0.001" text="さげない"/></data><data likelihood="-3332.633545" rank="3" score="0.4975" text="左 さげて"><word score="0.000" text="左"/><word score="0.995" text="さげて"/></data><data likelihood="-3340.157471" rank="4" score="0.4975" text="さいせい さげて"><word score="0.000" text="さいせい"/><word score="0.995" text="さげて"/></data></listenText> (speechin)
2014-03-17 11:06:00,479 SEAT0 INFO #1: 右 さげて (0.997500)
2014-03-17 11:06:00,479 SEAT0 INFO looking up...speechin: 右 さげて
2014-03-17 11:06:00,480 SEAT0 INFO sending command none (to command)
2014-03-17 11:06:02,447 SEAT0 INFO got input <?xml version="1.0" encoding="utf-8"?><listenText><data likelihood="-3022.864746" rank="1" score="0.9925" text="左 さげて"><word score="1.000" text="左"/><word score="0.985" text="さげて"/></data><data likelihood="-3068.661377" rank="2" score="0.5025" text="左 さげない"><word score="1.000" text="左"/><word score="0.005" text="さげない"/></data><data likelihood="-3081.597412" rank="3" score="0.505" text="左 あげて"><word score="1.000" text="左"/><word score="0.010" text="あげて"/></data></listenText> (speechin)
2014-03-17 11:06:02,451 SEAT0 INFO #1: 左 さげて (0.992500)
2014-03-17 11:06:02,451 SEAT0 INFO looking up...speechin: 左 さげて
2014-03-17 11:06:02,451 SEAT0 INFO sending command none (to command)
2014-03-17 11:06:07,255 SEAT0 INFO got input <?xml version="1.0" encoding="utf-8"?><listenText><data likelihood="-3801.669922" rank="1" score="1.0" text="さいせい よろしく"><word score="1.000" text="さいせい"/><word score="1.000" text="よろしく"/></data></listenText> (speechin)
2014-03-17 11:06:07,257 SEAT0 INFO #1: さいせい よろしく (1.000000)
2014-03-17 11:06:07,257 SEAT0 INFO looking up...speechin: さいせい よろしく
2014-03-17 11:06:07,257 SEAT0 INFO sending command SampleMotion1 (to command)
2014-03-17 11:06:22,302 SEAT0 INFO got input <?xml version="1.0" encoding="utf-8"?><listenText><data likelihood="-7164.726563" rank="1" score="0.7605" text="右 さげない"><word score="0.666" text="右"/><word score="0.855" text="さげない"/></data><data likelihood="-7169.783203" rank="2" score="0.5705" text="さいせい さげない"><word score="0.286" text="さいせい"/><word score="0.855" text="さげない"/></data><data likelihood="-7185.928223" rank="3" score="0.2185" text="さいせい あげない"><word score="0.326" text="さいせい"/><word score="0.111" text="あげない"/></data><data likelihood="-7191.132324" rank="4" score="0.4515" text="左 さげない"><word score="0.048" text="左"/><word score="0.855" text="さげない"/></data><data likelihood="-7196.294922" rank="5" score="0.368" text="右 あげない"><word score="0.625" text="右"/><word score="0.111" text="あげない"/></data></listenText> (speechin)
2014-03-17 11:06:22,306 SEAT0 INFO #1: 右 さげない (0.760500)
2014-03-17 11:06:22,306 SEAT0 INFO looking up...speechin: 右 さげない
2014-03-17 11:06:22,306 SEAT0 INFO sending command rightup1 (to command)
2014-03-17 11:06:22,308 SEAT0 INFO state transition from both_down to right_up
2014-03-17 11:06:27,164 SEAT0 INFO got input <?xml version="1.0" encoding="utf-8"?><listenText><data likelihood="-3949.997314" rank="1" score="0.9795" text="さいせい さげない"><word score="0.984" text="さいせい"/><word score="0.975" text="さげない"/></data><data likelihood="-3985.152588" rank="2" score="0.5055" text="さいせい あげない"><word score="0.988" text="さいせい"/><word score="0.023" text="あげない"/></data><data likelihood="-3999.268555" rank="3" score="0.4945" text="左 さげない"><word score="0.014" text="左"/><word score="0.975" text="さげない"/></data><data likelihood="-4004.787109" rank="4" score="0.4885" text="右 さげない"><word score="0.002" text="右"/><word score="0.975" text="さげない"/></data><data likelihood="-4005.294678" rank="5" score="0.493" text="さいせい さげて"><word score="0.984" text="さいせい"/><word score="0.002" text="さげて"/></data></listenText> (speechin)
2014-03-17 11:06:27,168 SEAT0 INFO #1: さいせい さげない (0.979500)
2014-03-17 11:06:27,168 SEAT0 INFO looking up...speechin: さいせい さげない
2014-03-17 11:06:27,168 SEAT0 INFO looking up...speechin: さいせい さげない
2014-03-17 11:06:27,170 SEAT0 INFO [rejected] no matching phrases
2014-03-17 11:06:27,170 SEAT0 INFO #2: さいせい あげない (0.505500)
2014-03-17 11:06:27,170 SEAT0 INFO looking up...speechin: さいせい あげない
2014-03-17 11:06:27,171 SEAT0 INFO looking up...speechin: さいせい あげない
2014-03-17 11:06:27,171 SEAT0 INFO [rejected] no matching phrases
2014-03-17 11:06:27,171 SEAT0 INFO #3: 左 さげない (0.494500)
2014-03-17 11:06:27,171 SEAT0 INFO looking up...speechin: 左 さげない
2014-03-17 11:06:27,171 SEAT0 INFO sending command leftup2 (to command)
2014-03-17 11:06:27,173 SEAT0 INFO state transition from right_up to both_up
2014-03-17 11:06:28,775 SEAT0 INFO got input <?xml version="1.0" encoding="utf-8"?><listenText><data likelihood="-1781.901611" rank="1" score="0.759" text="右 あげて"><word score="0.726" text="右"/><word score="0.792" text="あげて"/></data><data likelihood="-1788.419189" rank="2" score="0.499" text="左 あげて"><word score="0.206" text="左"/><word score="0.792" text="あげて"/></data><data likelihood="-1799.398682" rank="3" score="0.327" text="右 よろしく"><word score="0.547" text="右"/><word score="0.107" text="よろしく"/></data><data likelihood="-1802.792236" rank="4" score="0.177" text="左 よろしく"><word score="0.247" text="左"/><word score="0.107" text="よろしく"/></data></listenText> (speechin)
2014-03-17 11:06:28,779 SEAT0 INFO #1: 右 あげて (0.759000)
2014-03-17 11:06:28,779 SEAT0 INFO looking up...speechin: 右 あげて
2014-03-17 11:06:28,779 SEAT0 INFO sending command none (to command)
2014-03-17 11:06:29,671 SEAT0 INFO got input <?xml version="1.0" encoding="utf-8"?><listenText><data likelihood="-2170.259277" rank="1" score="0.7475" text="左 あげて"><word score="0.759" text="左"/><word score="0.736" text="あげて"/></data><data likelihood="-2182.317383" rank="2" score="0.3505" text="左 さげて"><word score="0.597" text="左"/><word score="0.104" text="さげて"/></data><data likelihood="-2185.661133" rank="3" score="0.3125" text="左 あげない"><word score="0.500" text="左"/><word score="0.125" text="あげない"/></data><data likelihood="-2187.227539" rank="4" score="0.465" text="右 あげて"><word score="0.194" text="右"/><word score="0.736" text="あげて"/></data><data likelihood="-2187.554932" rank="5" score="0.2165" text="右 さげて"><word score="0.329" text="右"/><word score="0.104" text="さげて"/></data></listenText> (speechin)
2014-03-17 11:06:29,677 SEAT0 INFO #1: 左 あげて (0.747500)
2014-03-17 11:06:29,677 SEAT0 INFO looking up...speechin: 左 あげて
2014-03-17 11:06:29,677 SEAT0 INFO sending command none (to command)
2014-03-17 11:06:30,359 SEAT0 INFO got input <?xml version="1.0" encoding="utf-8"?><listenText><data likelihood="-1831.511597" rank="1" score="0.862" text="右 よろしく"><word score="0.978" text="右"/><word score="0.746" text="よろしく"/></data><data likelihood="-1841.312622" rank="2" score="0.54" text="左 さげて"><word score="0.881" text="左"/><word score="0.199" text="さげて"/></data></listenText> (speechin)
2014-03-17 11:06:30,361 SEAT0 INFO #1: 右 よろしく (0.862000)
2014-03-17 11:06:30,361 SEAT0 INFO looking up...speechin: 右 よろしく
2014-03-17 11:06:30,361 SEAT0 INFO looking up...speechin: 右 よろしく
2014-03-17 11:06:30,364 SEAT0 INFO [rejected] no matching phrases
2014-03-17 11:06:30,364 SEAT0 INFO #2: 左 さげて (0.540000)
2014-03-17 11:06:30,364 SEAT0 INFO looking up...speechin: 左 さげて
2014-03-17 11:06:30,364 SEAT0 INFO sending command leftdown2 (to command)
2014-03-17 11:06:30,364 SEAT0 INFO state transition from both_up to right_up
2014-03-17 11:06:41,252 SEAT0 INFO got input <?xml version="1.0" encoding="utf-8"?><listenText><data likelihood="-2422.101563" rank="1" score="0.816" text="左 あげて"><word score="0.979" text="左"/><word score="0.653" text="あげて"/></data><data likelihood="-2430.199951" rank="2" score="0.5715" text="右 よろしく"><word score="0.928" text="右"/><word score="0.215" text="よろしく"/></data><data likelihood="-2433.071289" rank="3" score="0.5295" text="左 さげて"><word score="0.946" text="左"/><word score="0.113" text="さげて"/></data><data likelihood="-2461.258545" rank="4" score="0.083" text="右 さげて"><word score="0.053" text="右"/><word score="0.113" text="さげて"/></data><data likelihood="-2461.409424" rank="5" score="0.1405" text="左 よろしく"><word score="0.066" text="左"/><word score="0.215" text="よろしく"/></data></listenText> (speechin)
2014-03-17 11:06:41,256 SEAT0 INFO #1: 左 あげて (0.816000)
2014-03-17 11:06:41,256 SEAT0 INFO looking up...speechin: 左 あげて
2014-03-17 11:06:41,256 SEAT0 INFO sending command leftup2 (to command)
2014-03-17 11:06:41,257 SEAT0 INFO state transition from right_up to both_up
2014-03-17 11:06:43,290 SEAT0 INFO got input <?xml version="1.0" encoding="utf-8"?><listenText><data likelihood="-1894.357544" rank="1" score="0.703" text="右 よろしく"><word score="0.800" text="右"/><word score="0.606" text="よろしく"/></data></listenText> (speechin)
2014-03-17 11:06:43,292 SEAT0 INFO #1: 右 よろしく (0.703000)
2014-03-17 11:06:43,292 SEAT0 INFO looking up...speechin: 右 よろしく
2014-03-17 11:06:43,293 SEAT0 INFO looking up...speechin: 右 よろしく
2014-03-17 11:06:43,293 SEAT0 INFO [rejected] no matching phrases
2014-03-17 11:06:43,293 SEAT0 INFO no command found
2014-03-17 11:06:45,278 SEAT0 INFO got input <?xml version="1.0" encoding="utf-8"?><listenText><data likelihood="-2320.960693" rank="1" score="0.8695" text="右 あげて"><word score="0.892" text="右"/><word score="0.847" text="あげて"/></data><data likelihood="-2336.270996" rank="2" score="0.4705" text="左 あげて"><word score="0.094" text="左"/><word score="0.847" text="あげて"/></data><data likelihood="-2340.565674" rank="3" score="0.28" text="右 さげて"><word score="0.471" text="右"/><word score="0.089" text="さげて"/></data><data likelihood="-2344.267822" rank="4" score="0.2215" text="左 さげて"><word score="0.354" text="左"/><word score="0.089" text="さげて"/></data><data likelihood="-2344.609619" rank="5" score="0.344" text="右 あげない"><word score="0.632" text="右"/><word score="0.056" text="あげない"/></data></listenText> (speechin)
2014-03-17 11:06:45,283 SEAT0 INFO #1: 右 あげて (0.869500)
2014-03-17 11:06:45,283 SEAT0 INFO looking up...speechin: 右 あげて
2014-03-17 11:06:45,283 SEAT0 INFO sending command none (to command)
2014-03-17 11:06:49,644 SdoServiceAdmin WARNING No available SDO service in the factory: 
2014-03-17 11:06:49,644 SdoServiceAdmin ERROR type  already exists.
2014-03-17 11:06:49,647 SdoServiceAdmin WARNING No available SDO service in the factory: IDL:OpenRTM/ComponentObserver:1.0
2014-03-17 11:06:49,648 SdoServiceAdmin ERROR type 28a37b6f-388a-4fcb-9f72-b4309d7778fe already exists.
2014-03-17 11:07:05,322 SEAT0 INFO got input <?xml version="1.0" encoding="utf-8"?><listenText><data likelihood="-6823.757813" rank="1" score="0.7225" text="左 よろしく"><word score="0.995" text="左"/><word score="0.450" text="よろしく"/></data><data likelihood="-6824.532227" rank="2" score="0.685" text="左 あげて"><word score="0.929" text="左"/><word score="0.441" text="あげて"/></data><data likelihood="-6846.425781" rank="3" score="0.1745" text="右 さげて"><word score="0.244" text="右"/><word score="0.105" text="さげて"/></data><data likelihood="-6850.035156" rank="4" score="0.341" text="左 さげて"><word score="0.577" text="左"/><word score="0.105" text="さげて"/></data><data likelihood="-6851.770996" rank="5" score="0.142" text="さいせい さげて"><word score="0.179" text="さいせい"/><word score="0.105" text="さげて"/></data></listenText> (speechin)
2014-03-17 11:07:05,328 SEAT0 INFO #1: 左 よろしく (0.722500)
2014-03-17 11:07:05,328 SEAT0 INFO looking up...speechin: 左 よろしく
2014-03-17 11:07:05,328 SEAT0 INFO looking up...speechin: 左 よろしく
2014-03-17 11:07:05,328 SEAT0 INFO [rejected] no matching phrases
2014-03-17 11:07:05,328 SEAT0 INFO #2: 左 あげて (0.685000)
2014-03-17 11:07:05,329 SEAT0 INFO looking up...speechin: 左 あげて
2014-03-17 11:07:05,329 SEAT0 INFO sending command none (to command)
2014-03-17 11:07:06,903 SEAT0 INFO got input <?xml version="1.0" encoding="utf-8"?><listenText><data likelihood="-1227.583252" rank="1" score="0.661" text="右 あげない"><word score="0.932" text="右"/><word score="0.390" text="あげない"/></data><data likelihood="-1228.284302" rank="2" score="0.6395" text="右 あげて"><word score="0.919" text="右"/><word score="0.360" text="あげて"/></data><data likelihood="-1242.199707" rank="3" score="0.539" text="右 さげない"><word score="0.989" text="右"/><word score="0.089" text="さげない"/></data><data likelihood="-1242.862183" rank="4" score="0.54" text="右 よろしく"><word score="1.000" text="右"/><word score="0.080" text="よろしく"/></data><data likelihood="-1242.900757" rank="5" score="0.517" text="右 さげて"><word score="0.952" text="右"/><word score="0.082" text="さげて"/></data></listenText> (speechin)
2014-03-17 11:07:06,911 SEAT0 INFO #1: 右 あげない (0.661000)
2014-03-17 11:07:06,913 SEAT0 INFO looking up...speechin: 右 あげない
2014-03-17 11:07:06,914 SEAT0 INFO sending command rightdown2 (to command)
2014-03-17 11:07:06,917 SEAT0 INFO state transition from both_up to left_up
2014-03-17 11:07:20,668 SEAT0 INFO got input <?xml version="1.0" encoding="utf-8"?><listenText><data likelihood="-3778.745605" rank="1" score="0.7515" text="右 さげない"><word score="0.735" text="右"/><word score="0.768" text="さげない"/></data><data likelihood="-3789.811035" rank="2" score="0.475" text="右 さげて"><word score="0.735" text="右"/><word score="0.215" text="さげて"/></data><data likelihood="-3790.568604" rank="3" score="0.4875" text="左 さげない"><word score="0.207" text="左"/><word score="0.768" text="さげない"/></data><data likelihood="-3801.574707" rank="4" score="0.413" text="さいせい さげない"><word score="0.058" text="さいせい"/><word score="0.768" text="さげない"/></data><data likelihood="-3801.634033" rank="5" score="0.211" text="左 さげて"><word score="0.207" text="左"/><word score="0.215" text="さげて"/></data></listenText> (speechin)
2014-03-17 11:07:20,674 SEAT0 INFO #1: 右 さげない (0.751500)
2014-03-17 11:07:20,674 SEAT0 INFO looking up...speechin: 右 さげない
2014-03-17 11:07:20,674 SEAT0 INFO sending command rightup2 (to command)
2014-03-17 11:07:20,674 SEAT0 INFO state transition from left_up to both_up
2014-03-17 11:07:22,882 SEAT0 INFO got input <?xml version="1.0" encoding="utf-8"?><listenText><data likelihood="-4725.804688" rank="1" score="0.607" text="さいせい よろしく"><word score="0.971" text="さいせい"/><word score="0.243" text="よろしく"/></data><data likelihood="-4731.521973" rank="2" score="0.5775" text="さいせい あげて"><word score="0.907" text="さいせい"/><word score="0.248" text="あげて"/></data><data likelihood="-4733.445801" rank="3" score="0.5365" text="さいせい さげない"><word score="0.887" text="さいせい"/><word score="0.186" text="さげない"/></data><data likelihood="-4733.647461" rank="4" score="0.5165" text="さいせい さげて"><word score="0.870" text="さいせい"/><word score="0.163" text="さげて"/></data><data likelihood="-4735.285156" rank="5" score="0.534" text="さいせい あげない"><word score="0.907" text="さいせい"/><word score="0.161" text="あげない"/></data></listenText> (speechin)
2014-03-17 11:07:22,888 SEAT0 INFO #1: さいせい よろしく (0.607000)
2014-03-17 11:07:22,888 SEAT0 INFO looking up...speechin: さいせい よろしく
2014-03-17 11:07:22,888 SEAT0 INFO looking up...speechin: さいせい よろしく
2014-03-17 11:07:22,888 SEAT0 INFO [rejected] no matching phrases
2014-03-17 11:07:22,888 SEAT0 INFO #2: さいせい あげて (0.577500)
2014-03-17 11:07:22,890 SEAT0 INFO looking up...speechin: さいせい あげて
2014-03-17 11:07:22,890 SEAT0 INFO looking up...speechin: さいせい あげて
2014-03-17 11:07:22,890 SEAT0 INFO [rejected] no matching phrases
2014-03-17 11:07:22,891 SEAT0 INFO #3: さいせい さげない (0.536500)
2014-03-17 11:07:22,891 SEAT0 INFO looking up...speechin: さいせい さげない
2014-03-17 11:07:22,891 SEAT0 INFO looking up...speechin: さいせい さげない
2014-03-17 11:07:22,891 SEAT0 INFO [rejected] no matching phrases
2014-03-17 11:07:22,891 SEAT0 INFO #4: さいせい さげて (0.516500)
2014-03-17 11:07:22,891 SEAT0 INFO looking up...speechin: さいせい さげて
2014-03-17 11:07:22,892 SEAT0 INFO looking up...speechin: さいせい さげて
2014-03-17 11:07:22,892 SEAT0 INFO [rejected] no matching phrases
2014-03-17 11:07:22,892 SEAT0 INFO #5: さいせい あげない (0.534000)
2014-03-17 11:07:22,892 SEAT0 INFO looking up...speechin: さいせい あげない
2014-03-17 11:07:22,894 SEAT0 INFO looking up...speechin: さいせい あげない
2014-03-17 11:07:22,894 SEAT0 INFO [rejected] no matching phrases
2014-03-17 11:07:22,894 SEAT0 INFO no command found
2014-03-17 11:07:23,684 SEAT0 INFO got input <?xml version="1.0" encoding="utf-8"?><listenText><data likelihood="-2086.582031" rank="1" score="0.608" text="右 さげて"><word score="0.945" text="右"/><word score="0.271" text="さげて"/></data><data likelihood="-2089.028076" rank="2" score="0.655" text="右 あげて"><word score="0.919" text="右"/><word score="0.391" text="あげて"/></data><data likelihood="-2093.314697" rank="3" score="0.535" text="右 さげない"><word score="0.945" text="右"/><word score="0.125" text="さげない"/></data><data likelihood="-2096.759277" rank="4" score="0.554" text="右 あげない"><word score="0.928" text="右"/><word score="0.180" text="あげない"/></data><data likelihood="-2104.237549" rank="5" score="0.4515" text="右 よろしく"><word score="0.869" text="右"/><word score="0.034" text="よろしく"/></data></listenText> (speechin)
2014-03-17 11:07:23,690 SEAT0 INFO #1: 右 さげて (0.608000)
2014-03-17 11:07:23,690 SEAT0 INFO looking up...speechin: 右 さげて
2014-03-17 11:07:23,690 SEAT0 INFO sending command rightdown2 (to command)
2014-03-17 11:07:23,690 SEAT0 INFO state transition from both_up to left_up
2014-03-17 11:07:25,796 SEAT0 INFO got input <?xml version="1.0" encoding="utf-8"?><listenText><data likelihood="-4068.921387" rank="1" score="0.7035" text="さいせい よろしく"><word score="0.970" text="さいせい"/><word score="0.437" text="よろしく"/></data><data likelihood="-4072.101074" rank="2" score="0.6805" text="さいせい さげない"><word score="0.967" text="さいせい"/><word score="0.394" text="さげない"/></data><data likelihood="-4079.876465" rank="3" score="0.564" text="さいせい さげて"><word score="0.967" text="さいせい"/><word score="0.161" text="さげて"/></data><data likelihood="-4101.710938" rank="4" score="0.2075" text="左 さげない"><word score="0.021" text="左"/><word score="0.394" text="さげない"/></data><data likelihood="-4102.909668" rank="5" score="0.232" text="左 よろしく"><word score="0.027" text="左"/><word score="0.437" text="よろしく"/></data></listenText> (speechin)
2014-03-17 11:07:25,801 SEAT0 INFO #1: さいせい よろしく (0.703500)
2014-03-17 11:07:25,801 SEAT0 INFO looking up...speechin: さいせい よろしく
2014-03-17 11:07:25,802 SEAT0 INFO looking up...speechin: さいせい よろしく
2014-03-17 11:07:25,802 SEAT0 INFO [rejected] no matching phrases
2014-03-17 11:07:25,802 SEAT0 INFO #2: さいせい さげない (0.680500)
2014-03-17 11:07:25,802 SEAT0 INFO looking up...speechin: さいせい さげない
2014-03-17 11:07:25,802 SEAT0 INFO looking up...speechin: さいせい さげない
2014-03-17 11:07:25,802 SEAT0 INFO [rejected] no matching phrases
2014-03-17 11:07:25,803 SEAT0 INFO #3: さいせい さげて (0.564000)
2014-03-17 11:07:25,803 SEAT0 INFO looking up...speechin: さいせい さげて
2014-03-17 11:07:25,803 SEAT0 INFO looking up...speechin: さいせい さげて
2014-03-17 11:07:25,805 SEAT0 INFO [rejected] no matching phrases
2014-03-17 11:07:25,805 SEAT0 INFO #4: 左 さげない (0.207500)
2014-03-17 11:07:25,805 SEAT0 INFO looking up...speechin: 左 さげない
2014-03-17 11:07:25,805 SEAT0 INFO sending command none (to command)
2014-03-17 11:07:47,096 SEAT0 INFO got input <?xml version="1.0" encoding="utf-8"?><listenText><data likelihood="-4381.617188" rank="1" score="1.0" text="さいせい よろしく"><word score="1.000" text="さいせい"/><word score="1.000" text="よろしく"/></data></listenText> (speechin)
2014-03-17 11:07:47,098 SEAT0 INFO #1: さいせい よろしく (1.000000)
2014-03-17 11:07:47,099 SEAT0 INFO looking up...speechin: さいせい よろしく
2014-03-17 11:07:47,099 SEAT0 INFO looking up...speechin: さいせい よろしく
2014-03-17 11:07:47,101 SEAT0 INFO [rejected] no matching phrases
2014-03-17 11:07:47,101 SEAT0 INFO no command found
2014-03-17 11:07:50,487 SEAT0 INFO got input <?xml version="1.0" encoding="utf-8"?><listenText><data likelihood="-3043.526855" rank="1" score="0.9875" text="左 さげて"><word score="1.000" text="左"/><word score="0.975" text="さげて"/></data><data likelihood="-3093.981201" rank="2" score="0.5015" text="左 さげない"><word score="1.000" text="左"/><word score="0.003" text="さげない"/></data><data likelihood="-3095.603516" rank="3" score="0.511" text="左 あげて"><word score="1.000" text="左"/><word score="0.022" text="あげて"/></data></listenText> (speechin)
2014-03-17 11:07:50,490 SEAT0 INFO #1: 左 さげて (0.987500)
2014-03-17 11:07:50,492 SEAT0 INFO looking up...speechin: 左 さげて
2014-03-17 11:07:50,492 SEAT0 INFO sending command leftdown1 (to command)
2014-03-17 11:07:50,493 SEAT0 INFO state transition from left_up to both_down
2014-03-17 11:07:55,095 SEAT0 INFO got input <?xml version="1.0" encoding="utf-8"?><listenText><data likelihood="-4243.310059" rank="1" score="0.849" text="左 よろしく"><word score="0.698" text="左"/><word score="1.000" text="よろしく"/></data><data likelihood="-4256.863281" rank="2" score="0.6495" text="さいせい よろしく"><word score="0.299" text="さいせい"/><word score="1.000" text="よろしく"/></data><data likelihood="-4290.297852" rank="3" score="0.5015" text="右 よろしく"><word score="0.003" text="右"/><word score="1.000" text="よろしく"/></data></listenText> (speechin)
2014-03-17 11:07:55,098 SEAT0 INFO #1: 左 よろしく (0.849000)
2014-03-17 11:07:55,099 SEAT0 INFO looking up...speechin: 左 よろしく
2014-03-17 11:07:55,099 SEAT0 INFO looking up...speechin: 左 よろしく
2014-03-17 11:07:55,099 SEAT0 INFO [rejected] no matching phrases
2014-03-17 11:07:55,101 SEAT0 INFO #2: さいせい よろしく (0.649500)
2014-03-17 11:07:55,101 SEAT0 INFO looking up...speechin: さいせい よろしく
2014-03-17 11:07:55,101 SEAT0 INFO sending command SampleMotion1 (to command)
2014-03-17 11:08:03,230 SEAT0 INFO got input <?xml version="1.0" encoding="utf-8"?><listenText><data likelihood="-1904.297729" rank="1" score="0.566" text="左 あげない"><word score="0.717" text="左"/><word score="0.415" text="あげない"/></data><data likelihood="-1904.721069" rank="2" score="0.5985" text="左 あげて"><word score="0.802" text="左"/><word score="0.395" text="あげて"/></data><data likelihood="-1915.172607" rank="3" score="0.397" text="右 さげない"><word score="0.725" text="右"/><word score="0.069" text="さげない"/></data><data likelihood="-1915.733032" rank="4" score="0.3215" text="右 あげない"><word score="0.228" text="右"/><word score="0.415" text="あげない"/></data><data likelihood="-1916.739136" rank="5" score="0.489" text="右 よろしく"><word score="0.897" text="右"/><word score="0.081" text="よろしく"/></data></listenText> (speechin)
2014-03-17 11:08:03,234 SEAT0 INFO #1: 左 あげない (0.566000)
2014-03-17 11:08:03,234 SEAT0 INFO looking up...speechin: 左 あげない
2014-03-17 11:08:03,234 SEAT0 INFO sending command none (to command)
2014-03-17 11:08:20,255 SEAT0 INFO got input <?xml version="1.0" encoding="utf-8"?><listenText><data likelihood="-2735.275635" rank="1" score="0.6425" text="左 さげない"><word score="0.670" text="左"/><word score="0.615" text="さげない"/></data><data likelihood="-2740.083252" rank="2" score="0.512" text="左 さげて"><word score="0.670" text="左"/><word score="0.354" text="さげて"/></data><data likelihood="-2741.993164" rank="3" score="0.4115" text="さいせい さげない"><word score="0.208" text="さいせい"/><word score="0.615" text="さげない"/></data><data likelihood="-2746.800781" rank="4" score="0.281" text="さいせい さげて"><word score="0.208" text="さいせい"/><word score="0.354" text="さげて"/></data><data likelihood="-2748.492432" rank="5" score="0.3685" text="右 さげない"><word score="0.122" text="右"/><word score="0.615" text="さげない"/></data></listenText> (speechin)
2014-03-17 11:08:20,259 SEAT0 INFO #1: 左 さげない (0.642500)
2014-03-17 11:08:20,259 SEAT0 INFO looking up...speechin: 左 さげない
2014-03-17 11:08:20,259 SEAT0 INFO sending command leftup1 (to command)
2014-03-17 11:08:20,260 SEAT0 INFO state transition from both_down to left_up
