2014-03-17 08:40:54,796 manager INFO OpenRTM-aist-1.0.0
2014-03-17 08:40:54,796 manager INFO Copyright (C) 2003-2010
2014-03-17 08:40:54,796 manager INFO   Noriaki Ando
2014-03-17 08:40:54,796 manager INFO   Intelligent Systems Research Institute, AIST
2014-03-17 08:40:54,796 manager INFO Manager starting.
2014-03-17 08:40:54,796 manager INFO Starting local logging.
2014-03-17 08:40:54,809 manager.namingmanager INFO NameServer connection succeeded: corba/localhost
2014-03-17 08:40:56,842 ManagerServant INFO Master manager not found
2014-03-17 08:40:56,842 manager ERROR Traceback (most recent call last):
  File "OpenRTM_aist\Manager.pyc", line 1734, in initManagerServant
IOError: [Errno 2] No such file or directory: '/var/log/rtcmanager.ref'

2014-03-17 08:40:56,862 JuliusRTC0 INFO JuliusRTC version 2.00
2014-03-17 08:40:56,862 JuliusRTC0 INFO Copyright (C) 2010-2011 Yosuke Matsusaka
2014-03-17 08:40:56,880 JuliusRTC0 INFO This component depends on following softwares and datas:
2014-03-17 08:40:56,880 JuliusRTC0 INFO 
2014-03-17 08:40:56,880 JuliusRTC0 INFO   Large Vocabulary Continuous Speech Recognition Engine Julius
2014-03-17 08:40:56,880 JuliusRTC0 INFO   (http://julius.sourceforge.jp/)
2014-03-17 08:40:56,881 JuliusRTC0 INFO   Copyright (c) 1997-2000 Information-technology Promotion Agency, Japan
2014-03-17 08:40:56,881 JuliusRTC0 INFO   Copyright (c) 1991-2008 Kawahara Lab., Kyoto University
2014-03-17 08:40:56,881 JuliusRTC0 INFO   Copyright (c) 2000-2005 Shikano Lab., Nara Institute of Science and Technology
2014-03-17 08:40:56,881 JuliusRTC0 INFO   Copyright (c) 2005-2008 Julius project team, Nagoya Institute of Technology
2014-03-17 08:40:56,881 JuliusRTC0 INFO 
2014-03-17 08:40:56,881 JuliusRTC0 INFO   VoxForge English Acoustic Model for HTK/Juilus
2014-03-17 08:40:56,881 JuliusRTC0 INFO   (http://www.voxforge.org/)
2014-03-17 08:40:56,881 JuliusRTC0 INFO   Copyright (c) 2005-2009 Ken MacLean <contact@voxforge.org>
2014-03-17 08:40:56,881 JuliusRTC0 INFO   Copyright (c) 2005-2009 Free Software Foundation
2014-03-17 08:40:56,881 JuliusRTC0 INFO 
