2014-03-17 08:54:05,128 manager INFO OpenRTM-aist-1.0.0
2014-03-17 08:54:05,128 manager INFO Copyright (C) 2003-2010
2014-03-17 08:54:05,128 manager INFO   Noriaki Ando
2014-03-17 08:54:05,130 manager INFO   Intelligent Systems Research Institute, AIST
2014-03-17 08:54:05,130 manager INFO Manager starting.
2014-03-17 08:54:05,130 manager INFO Starting local logging.
2014-03-17 08:54:05,141 manager.namingmanager INFO NameServer connection succeeded: corba/localhost
2014-03-17 08:54:07,164 ManagerServant INFO Master manager not found
2014-03-17 08:54:07,164 manager ERROR Traceback (most recent call last):
  File "OpenRTM_aist\Manager.pyc", line 1734, in initManagerServant
IOError: [Errno 2] No such file or directory: '/var/log/rtcmanager.ref'

2014-03-17 08:54:07,184 JuliusRTC0 INFO JuliusRTC version 2.00
2014-03-17 08:54:07,184 JuliusRTC0 INFO Copyright (C) 2010-2011 Yosuke Matsusaka
2014-03-17 08:54:07,201 JuliusRTC0 INFO This component depends on following softwares and datas:
2014-03-17 08:54:07,203 JuliusRTC0 INFO 
2014-03-17 08:54:07,203 JuliusRTC0 INFO   Large Vocabulary Continuous Speech Recognition Engine Julius
2014-03-17 08:54:07,203 JuliusRTC0 INFO   (http://julius.sourceforge.jp/)
2014-03-17 08:54:07,203 JuliusRTC0 INFO   Copyright (c) 1997-2000 Information-technology Promotion Agency, Japan
2014-03-17 08:54:07,203 JuliusRTC0 INFO   Copyright (c) 1991-2008 Kawahara Lab., Kyoto University
2014-03-17 08:54:07,203 JuliusRTC0 INFO   Copyright (c) 2000-2005 Shikano Lab., Nara Institute of Science and Technology
2014-03-17 08:54:07,203 JuliusRTC0 INFO   Copyright (c) 2005-2008 Julius project team, Nagoya Institute of Technology
2014-03-17 08:54:07,203 JuliusRTC0 INFO 
2014-03-17 08:54:07,203 JuliusRTC0 INFO   VoxForge English Acoustic Model for HTK/Juilus
2014-03-17 08:54:07,203 JuliusRTC0 INFO   (http://www.voxforge.org/)
2014-03-17 08:54:07,204 JuliusRTC0 INFO   Copyright (c) 2005-2009 Ken MacLean <contact@voxforge.org>
2014-03-17 08:54:07,204 JuliusRTC0 INFO   Copyright (c) 2005-2009 Free Software Foundation
2014-03-17 08:54:07,204 JuliusRTC0 INFO 
2014-03-17 08:54:17,752 JuliusRTC0 INFO LISTEN
2014-03-17 08:54:17,875 JuliusRTC0 INFO register grammar: command
2014-03-17 08:54:17,882 JuliusRTC0 INFO ENDREC
2014-03-17 08:54:17,892 JuliusRTC0 INFO LISTEN
2014-03-17 08:54:17,980 JuliusRTC0 INFO LISTEN
2014-03-17 08:54:18,641 JuliusRTC0 INFO STARTREC
2014-03-17 08:54:19,411 JuliusRTC0 INFO ENDREC
2014-03-17 08:54:19,438 JuliusRTC0 INFO LISTEN
2014-03-17 08:54:19,548 JuliusRTC0 INFO STARTREC
2014-03-17 08:54:20,186 JuliusRTC0 INFO ENDREC
2014-03-17 08:54:20,210 JuliusRTC0 INFO LISTEN
2014-03-17 08:54:21,141 JuliusRTC0 INFO STARTREC
2014-03-17 08:54:27,601 JuliusRTC0 INFO ENDREC
2014-03-17 08:54:27,642 JuliusRTC0 INFO LISTEN
2014-03-17 08:54:27,734 JuliusRTC0 INFO STARTREC
2014-03-17 08:54:29,073 JuliusRTC0 INFO ENDREC
2014-03-17 08:54:29,104 JuliusRTC0 INFO LISTEN
2014-03-17 08:54:29,267 JuliusRTC0 INFO STARTREC
2014-03-17 08:54:31,441 JuliusRTC0 INFO ENDREC
2014-03-17 08:54:31,474 JuliusRTC0 INFO LISTEN
2014-03-17 08:54:32,153 JuliusRTC0 INFO STARTREC
2014-03-17 08:54:32,661 JuliusRTC0 INFO ENDREC
2014-03-17 08:54:32,687 JuliusRTC0 INFO LISTEN
2014-03-17 08:54:32,723 JuliusRTC0 INFO STARTREC
2014-03-17 08:54:33,361 JuliusRTC0 INFO ENDREC
2014-03-17 08:54:33,388 JuliusRTC0 INFO LISTEN
2014-03-17 08:54:33,552 JuliusRTC0 INFO STARTREC
2014-03-17 08:54:34,772 JuliusRTC0 INFO ENDREC
2014-03-17 08:54:34,801 JuliusRTC0 INFO LISTEN
2014-03-17 08:54:34,907 JuliusRTC0 INFO STARTREC
2014-03-17 08:54:35,414 JuliusRTC0 INFO ENDREC
2014-03-17 08:54:35,441 JuliusRTC0 INFO LISTEN
2014-03-17 08:54:35,921 JuliusRTC0 INFO STARTREC
2014-03-17 08:54:36,499 JuliusRTC0 INFO ENDREC
2014-03-17 08:54:36,526 JuliusRTC0 INFO LISTEN
2014-03-17 08:54:36,632 JuliusRTC0 INFO STARTREC
2014-03-17 08:54:37,585 JuliusRTC0 INFO ENDREC
2014-03-17 08:54:37,615 JuliusRTC0 INFO LISTEN
2014-03-17 08:54:37,717 JuliusRTC0 INFO STARTREC
2014-03-17 08:54:38,167 JuliusRTC0 INFO ENDREC
2014-03-17 08:54:38,194 JuliusRTC0 INFO LISTEN
2014-03-17 08:54:38,937 JuliusRTC0 INFO STARTREC
2014-03-17 08:54:41,944 JuliusRTC0 INFO ENDREC
2014-03-17 08:54:41,976 JuliusRTC0 INFO LISTEN
2014-03-17 08:54:42,140 JuliusRTC0 INFO STARTREC
2014-03-17 08:54:43,348 JuliusRTC0 INFO ENDREC
2014-03-17 08:54:43,375 JuliusRTC0 INFO LISTEN
2014-03-17 08:54:43,734 JuliusRTC0 INFO STARTREC
2014-03-17 08:54:47,825 JuliusRTC0 INFO ENDREC
2014-03-17 08:54:47,859 JuliusRTC0 INFO LISTEN
2014-03-17 08:54:48,273 JuliusRTC0 INFO STARTREC
2014-03-17 08:54:49,494 JuliusRTC0 INFO ENDREC
2014-03-17 08:54:49,523 JuliusRTC0 INFO LISTEN
2014-03-17 08:54:50,519 JuliusRTC0 INFO STARTREC
2014-03-17 08:54:51,158 JuliusRTC0 INFO ENDREC
2014-03-17 08:54:51,187 JuliusRTC0 INFO LISTEN
2014-03-17 08:54:51,354 JuliusRTC0 INFO STARTREC
2014-03-17 08:54:52,825 JuliusRTC0 INFO ENDREC
2014-03-17 08:54:52,855 JuliusRTC0 INFO LISTEN
2014-03-17 08:54:53,782 JuliusRTC0 INFO STARTREC
2014-03-17 08:54:54,299 JuliusRTC0 INFO ENDREC
2014-03-17 08:54:54,326 JuliusRTC0 INFO LISTEN
2014-03-17 08:54:55,062 JuliusRTC0 INFO STARTREC
2014-03-17 08:54:55,576 JuliusRTC0 INFO ENDREC
2014-03-17 08:54:55,605 JuliusRTC0 INFO LISTEN
2014-03-17 08:54:55,607 JuliusRTC0 INFO STARTREC
2014-03-17 08:54:56,147 JuliusRTC0 INFO ENDREC
2014-03-17 08:54:56,173 JuliusRTC0 INFO LISTEN
2014-03-17 08:54:56,471 JuliusRTC0 INFO STARTREC
2014-03-17 08:54:57,039 JuliusRTC0 INFO ENDREC
2014-03-17 08:54:57,065 JuliusRTC0 INFO LISTEN
2014-03-17 08:54:57,114 JuliusRTC0 INFO STARTREC
2014-03-17 08:54:57,365 JuliusRTC0 INFO ENDREC
2014-03-17 08:54:57,391 JuliusRTC0 INFO LISTEN
2014-03-17 08:54:57,872 JuliusRTC0 INFO STARTREC
2014-03-17 08:54:58,585 JuliusRTC0 INFO ENDREC
2014-03-17 08:54:58,611 JuliusRTC0 INFO LISTEN
2014-03-17 08:54:58,839 JuliusRTC0 INFO STARTREC
2014-03-17 08:54:59,285 JuliusRTC0 INFO ENDREC
2014-03-17 08:54:59,311 JuliusRTC0 INFO LISTEN
2014-03-17 08:54:59,540 JuliusRTC0 INFO STARTREC
2014-03-17 08:55:00,312 JuliusRTC0 INFO ENDREC
2014-03-17 08:55:00,338 JuliusRTC0 INFO LISTEN
2014-03-17 08:55:00,565 JuliusRTC0 INFO STARTREC
2014-03-17 08:55:01,072 JuliusRTC0 INFO ENDREC
2014-03-17 08:55:01,101 JuliusRTC0 INFO LISTEN
2014-03-17 08:55:01,522 JuliusRTC0 INFO STARTREC
2014-03-17 08:55:02,619 JuliusRTC0 INFO ENDREC
2014-03-17 08:55:02,647 JuliusRTC0 INFO LISTEN
2014-03-17 08:55:02,993 JuliusRTC0 INFO STARTREC
2014-03-17 08:55:03,321 JuliusRTC0 INFO ENDREC
2014-03-17 08:55:03,348 JuliusRTC0 INFO LISTEN
2014-03-17 08:55:03,634 JuliusRTC0 INFO STARTREC
2014-03-17 08:55:05,624 JuliusRTC0 INFO ENDREC
2014-03-17 08:55:05,655 JuliusRTC0 INFO LISTEN
2014-03-17 08:55:05,684 JuliusRTC0 INFO STARTREC
2014-03-17 08:55:10,032 JuliusRTC0 INFO ENDREC
2014-03-17 08:55:10,069 JuliusRTC0 INFO LISTEN
2014-03-17 08:55:10,420 JuliusRTC0 INFO STARTREC
2014-03-17 08:55:11,190 JuliusRTC0 INFO ENDREC
2014-03-17 08:55:11,220 JuliusRTC0 INFO LISTEN
2014-03-17 08:55:11,313 JuliusRTC0 INFO STARTREC
2014-03-17 08:55:13,427 JuliusRTC0 INFO ENDREC
2014-03-17 08:55:13,457 JuliusRTC0 INFO LISTEN
2014-03-17 08:55:13,496 JuliusRTC0 INFO STARTREC
2014-03-17 08:55:15,793 JuliusRTC0 INFO ENDREC
2014-03-17 08:55:15,825 JuliusRTC0 INFO LISTEN
2014-03-17 08:55:18,486 JuliusRTC0 INFO STARTREC
2014-03-17 08:55:20,986 JuliusRTC0 INFO ENDREC
2014-03-17 08:55:21,019 JuliusRTC0 INFO LISTEN
2014-03-17 08:55:21,046 JuliusRTC0 INFO STARTREC
2014-03-17 08:55:23,220 JuliusRTC0 INFO ENDREC
2014-03-17 08:55:23,250 JuliusRTC0 INFO LISTEN
2014-03-17 08:55:23,282 JuliusRTC0 INFO STARTREC
2014-03-17 08:55:24,244 JuliusRTC0 INFO ENDREC
2014-03-17 08:55:24,273 JuliusRTC0 INFO LISTEN
2014-03-17 08:55:24,438 JuliusRTC0 INFO STARTREC
2014-03-17 08:55:25,078 JuliusRTC0 INFO ENDREC
2014-03-17 08:55:25,105 JuliusRTC0 INFO LISTEN
2014-03-17 08:55:25,660 JuliusRTC0 INFO STARTREC
2014-03-17 08:55:26,227 JuliusRTC0 INFO ENDREC
2014-03-17 08:55:26,255 JuliusRTC0 INFO LISTEN
2014-03-17 08:55:27,061 JuliusRTC0 INFO STARTREC
2014-03-17 08:55:27,578 JuliusRTC0 INFO ENDREC
2014-03-17 08:55:27,605 JuliusRTC0 INFO LISTEN
2014-03-17 08:55:28,025 JuliusRTC0 INFO STARTREC
2014-03-17 08:55:28,858 JuliusRTC0 INFO ENDREC
2014-03-17 08:55:28,887 JuliusRTC0 INFO LISTEN
2014-03-17 08:55:28,918 JuliusRTC0 INFO STARTREC
2014-03-17 08:55:31,153 JuliusRTC0 INFO ENDREC
2014-03-17 08:55:31,188 JuliusRTC0 INFO LISTEN
2014-03-17 08:55:31,226 JuliusRTC0 INFO STARTREC
2014-03-17 08:55:31,924 JuliusRTC0 INFO ENDREC
2014-03-17 08:55:31,951 JuliusRTC0 INFO LISTEN
2014-03-17 08:55:31,953 JuliusRTC0 INFO STARTREC
2014-03-17 08:55:33,713 JuliusRTC0 INFO ENDREC
2014-03-17 08:55:33,746 JuliusRTC0 INFO LISTEN
2014-03-17 08:55:34,099 JuliusRTC0 INFO STARTREC
2014-03-17 08:55:34,546 JuliusRTC0 INFO ENDREC
2014-03-17 08:55:34,575 JuliusRTC0 INFO LISTEN
2014-03-17 08:55:34,680 JuliusRTC0 INFO STARTREC
2014-03-17 08:55:35,259 JuliusRTC0 INFO ENDREC
2014-03-17 08:55:35,290 JuliusRTC0 INFO LISTEN
2014-03-17 08:55:35,897 JuliusRTC0 INFO STARTREC
2014-03-17 08:55:36,536 JuliusRTC0 INFO ENDREC
2014-03-17 08:55:36,565 JuliusRTC0 INFO LISTEN
2014-03-17 08:55:38,641 JuliusRTC0 INFO STARTREC
2014-03-17 08:55:39,282 JuliusRTC0 INFO ENDREC
2014-03-17 08:55:39,309 JuliusRTC0 INFO LISTEN
2014-03-17 08:55:39,351 JuliusRTC0 INFO STARTREC
2014-03-17 08:55:40,947 JuliusRTC0 INFO ENDREC
2014-03-17 08:55:40,976 JuliusRTC0 INFO LISTEN
2014-03-17 08:55:41,200 JuliusRTC0 INFO STARTREC
2014-03-17 08:55:42,104 JuliusRTC0 INFO ENDREC
2014-03-17 08:55:42,131 JuliusRTC0 INFO LISTEN
2014-03-17 08:55:42,746 JuliusRTC0 INFO STARTREC
2014-03-17 08:55:43,315 JuliusRTC0 INFO ENDREC
2014-03-17 08:55:43,342 JuliusRTC0 INFO LISTEN
2014-03-17 08:55:43,891 JuliusRTC0 INFO STARTREC
2014-03-17 08:55:44,664 JuliusRTC0 INFO ENDREC
2014-03-17 08:55:44,693 JuliusRTC0 INFO LISTEN
2014-03-17 08:55:44,858 JuliusRTC0 INFO STARTREC
2014-03-17 08:55:47,732 JuliusRTC0 INFO ENDREC
2014-03-17 08:55:47,766 JuliusRTC0 INFO LISTEN
2014-03-17 08:55:48,240 JuliusRTC0 INFO STARTREC
2014-03-17 08:55:48,759 JuliusRTC0 INFO ENDREC
2014-03-17 08:55:48,788 JuliusRTC0 INFO LISTEN
2014-03-17 08:55:48,950 JuliusRTC0 INFO STARTREC
2014-03-17 08:55:49,266 JuliusRTC0 INFO ENDREC
2014-03-17 08:55:49,292 JuliusRTC0 INFO LISTEN
2014-03-17 08:55:49,460 JuliusRTC0 INFO STARTREC
2014-03-17 08:55:49,846 JuliusRTC0 INFO ENDREC
2014-03-17 08:55:49,874 JuliusRTC0 INFO LISTEN
2014-03-17 08:55:51,063 JuliusRTC0 INFO STARTREC
2014-03-17 08:55:52,022 JuliusRTC0 INFO ENDREC
2014-03-17 08:55:52,052 JuliusRTC0 INFO LISTEN
2014-03-17 08:55:52,151 JuliusRTC0 INFO STARTREC
2014-03-17 08:55:52,793 JuliusRTC0 INFO ENDREC
2014-03-17 08:55:52,821 JuliusRTC0 INFO LISTEN
2014-03-17 08:55:52,983 JuliusRTC0 INFO STARTREC
2014-03-17 08:55:53,359 JuliusRTC0 INFO ENDREC
2014-03-17 08:55:53,388 JuliusRTC0 INFO LISTEN
2014-03-17 08:55:53,390 JuliusRTC0 INFO STARTREC
2014-03-17 08:55:54,581 JuliusRTC0 INFO ENDREC
2014-03-17 08:55:54,611 JuliusRTC0 INFO LISTEN
2014-03-17 08:55:54,711 JuliusRTC0 INFO STARTREC
2014-03-17 08:55:55,736 JuliusRTC0 INFO ENDREC
2014-03-17 08:55:55,765 JuliusRTC0 INFO LISTEN
2014-03-17 08:55:55,992 JuliusRTC0 INFO STARTREC
2014-03-17 08:55:57,974 JuliusRTC0 INFO ENDREC
2014-03-17 08:55:58,009 JuliusRTC0 INFO LISTEN
2014-03-17 08:55:58,167 JuliusRTC0 INFO STARTREC
2014-03-17 08:55:58,865 JuliusRTC0 INFO ENDREC
2014-03-17 08:55:58,891 JuliusRTC0 INFO LISTEN
2014-03-17 08:55:59,119 JuliusRTC0 INFO STARTREC
2014-03-17 08:56:01,681 JuliusRTC0 INFO ENDREC
2014-03-17 08:56:01,714 JuliusRTC0 INFO LISTEN
2014-03-17 08:56:02,066 JuliusRTC0 INFO STARTREC
2014-03-17 08:56:03,927 JuliusRTC0 INFO ENDREC
2014-03-17 08:56:03,959 JuliusRTC0 INFO LISTEN
2014-03-17 08:56:03,986 JuliusRTC0 INFO STARTREC
2014-03-17 08:56:04,697 JuliusRTC0 INFO ENDREC
2014-03-17 08:56:04,737 JuliusRTC0 INFO LISTEN
2014-03-17 08:56:05,013 JuliusRTC0 INFO STARTREC
2014-03-17 08:56:05,522 JuliusRTC0 INFO ENDREC
2014-03-17 08:56:05,549 JuliusRTC0 INFO LISTEN
2014-03-17 08:56:05,786 JuliusRTC0 INFO STARTREC
2014-03-17 08:56:06,931 JuliusRTC0 INFO ENDREC
2014-03-17 08:56:06,963 JuliusRTC0 INFO LISTEN
2014-03-17 08:56:07,257 JuliusRTC0 INFO STARTREC
2014-03-17 08:56:08,539 JuliusRTC0 INFO ENDREC
2014-03-17 08:56:08,569 JuliusRTC0 INFO LISTEN
2014-03-17 08:56:08,660 JuliusRTC0 INFO STARTREC
2014-03-17 08:56:14,480 JuliusRTC0 INFO ENDREC
2014-03-17 08:56:14,520 JuliusRTC0 INFO LISTEN
2014-03-17 08:56:14,674 JuliusRTC0 INFO STARTREC
2014-03-17 08:56:18,319 JuliusRTC0 INFO ENDREC
2014-03-17 08:56:18,355 JuliusRTC0 INFO LISTEN
2014-03-17 08:56:18,391 JuliusRTC0 INFO STARTREC
2014-03-17 08:56:19,345 JuliusRTC0 INFO ENDREC
2014-03-17 08:56:19,381 JuliusRTC0 INFO LISTEN
2014-03-17 08:56:19,418 JuliusRTC0 INFO STARTREC
2014-03-17 08:56:31,914 JuliusRTC0 INFO ENDREC
2014-03-17 08:56:31,970 JuliusRTC0 INFO #1: 左 さげて (0.4095)
2014-03-17 08:56:31,976 JuliusRTC0 INFO #2: 右 あげて (0.5245)
2014-03-17 08:56:31,977 JuliusRTC0 INFO #3: 左 あげて (0.7555)
2014-03-17 08:56:31,979 JuliusRTC0 INFO #4: 右 さげて (0.175)
2014-03-17 08:56:31,980 JuliusRTC0 INFO #5: さいせい あげて (0.4485)
2014-03-17 08:56:31,987 JuliusRTC0 INFO LISTEN
2014-03-17 08:56:32,045 JuliusRTC0 INFO STARTREC
2014-03-17 08:56:44,267 JuliusRTC0 INFO ENDREC
2014-03-17 08:56:44,357 JuliusRTC0 INFO #1: 右 あげて (0.5175)
2014-03-17 08:56:44,358 JuliusRTC0 INFO #2: さいせい さげて (0.394)
2014-03-17 08:56:44,358 JuliusRTC0 INFO #3: さいせい あげて (0.5915)
2014-03-17 08:56:44,361 JuliusRTC0 INFO #4: 右 さげて (0.2345)
2014-03-17 08:56:44,361 JuliusRTC0 INFO #5: 左 さげて (0.17)
2014-03-17 08:56:44,368 JuliusRTC0 INFO LISTEN
2014-03-17 08:56:44,459 JuliusRTC0 INFO STARTREC
2014-03-17 08:56:45,992 JuliusRTC0 INFO ENDREC
2014-03-17 08:56:46,025 JuliusRTC0 INFO LISTEN
2014-03-17 08:56:46,381 JuliusRTC0 INFO STARTREC
2014-03-17 08:56:46,826 JuliusRTC0 INFO ENDREC
2014-03-17 08:56:46,857 JuliusRTC0 INFO LISTEN
2014-03-17 08:56:46,885 JuliusRTC0 INFO STARTREC
2014-03-17 08:56:47,141 JuliusRTC0 INFO ENDREC
2014-03-17 08:56:47,171 JuliusRTC0 INFO LISTEN
2014-03-17 08:56:47,404 JuliusRTC0 INFO STARTREC
2014-03-17 08:56:55,723 JuliusRTC0 INFO ENDREC
2014-03-17 08:56:55,776 JuliusRTC0 INFO LISTEN
2014-03-17 08:56:55,917 JuliusRTC0 INFO STARTREC
2014-03-17 08:56:56,811 JuliusRTC0 INFO ENDREC
2014-03-17 08:56:56,844 JuliusRTC0 INFO LISTEN
2014-03-17 08:56:57,707 JuliusRTC0 INFO STARTREC
2014-03-17 08:56:58,213 JuliusRTC0 INFO ENDREC
2014-03-17 08:56:58,246 JuliusRTC0 INFO LISTEN
2014-03-17 08:56:58,792 JuliusRTC0 INFO STARTREC
2014-03-17 08:56:59,302 JuliusRTC0 INFO ENDREC
2014-03-17 08:56:59,332 JuliusRTC0 INFO LISTEN
2014-03-17 08:57:06,799 JuliusRTC0 INFO STARTREC
2014-03-17 08:57:08,454 JuliusRTC0 INFO ENDREC
2014-03-17 08:57:08,500 JuliusRTC0 INFO #1: 左 よろしく (0.5515)
2014-03-17 08:57:08,500 JuliusRTC0 INFO #2: さいせい よろしく (0.357)
2014-03-17 08:57:08,502 JuliusRTC0 INFO #3: 右 さげて (0.367)
2014-03-17 08:57:08,503 JuliusRTC0 INFO #4: 右 さげない (0.314)
2014-03-17 08:57:08,505 JuliusRTC0 INFO #5: 右 よろしく (0.294)
2014-03-17 08:57:08,512 JuliusRTC0 INFO LISTEN
2014-03-17 08:57:18,888 JuliusRTC0 INFO STARTREC
2014-03-17 08:57:20,806 JuliusRTC0 INFO ENDREC
2014-03-17 08:57:20,845 JuliusRTC0 INFO LISTEN
2014-03-17 08:57:21,385 JuliusRTC0 INFO STARTREC
2014-03-17 08:57:21,641 JuliusRTC0 INFO ENDREC
2014-03-17 08:57:21,673 JuliusRTC0 INFO LISTEN
2014-03-17 08:57:28,364 JuliusRTC0 INFO STARTREC
2014-03-17 08:57:29,257 JuliusRTC0 INFO ENDREC
2014-03-17 08:57:29,293 JuliusRTC0 INFO LISTEN
2014-03-17 08:57:48,581 JuliusRTC0 INFO STARTREC
2014-03-17 08:57:48,904 JuliusRTC0 INFO ENDREC
2014-03-17 08:57:48,938 JuliusRTC0 INFO LISTEN
2014-03-17 08:57:49,163 JuliusRTC0 INFO STARTREC
2014-03-17 08:57:50,055 JuliusRTC0 INFO ENDREC
2014-03-17 08:57:50,086 JuliusRTC0 INFO LISTEN
2014-03-17 08:57:50,316 JuliusRTC0 INFO STARTREC
2014-03-17 08:57:51,140 JuliusRTC0 INFO ENDREC
2014-03-17 08:57:51,174 JuliusRTC0 INFO LISTEN
2014-03-17 08:57:51,332 JuliusRTC0 INFO STARTREC
2014-03-17 08:57:52,107 JuliusRTC0 INFO ENDREC
2014-03-17 08:57:52,140 JuliusRTC0 INFO LISTEN
2014-03-17 08:57:52,937 JuliusRTC0 INFO STARTREC
2014-03-17 08:57:53,446 JuliusRTC0 INFO ENDREC
2014-03-17 08:57:53,479 JuliusRTC0 INFO LISTEN
2014-03-17 08:58:03,684 JuliusRTC0 INFO STARTREC
2014-03-17 08:58:04,204 JuliusRTC0 INFO ENDREC
2014-03-17 08:58:04,237 JuliusRTC0 INFO LISTEN
2014-03-17 08:58:12,262 JuliusRTC0 INFO STARTREC
2014-03-17 08:58:12,838 JuliusRTC0 INFO ENDREC
2014-03-17 08:58:12,869 JuliusRTC0 INFO LISTEN
2014-03-17 08:58:21,220 JuliusRTC0 INFO STARTREC
2014-03-17 08:58:23,526 JuliusRTC0 INFO ENDREC
2014-03-17 08:58:23,565 JuliusRTC0 INFO #1: 左 あげて (0.7765)
2014-03-17 08:58:23,568 JuliusRTC0 INFO #2: 左 あげない (0.621)
2014-03-17 08:58:23,569 JuliusRTC0 INFO #3: さいせい あげて (0.3365)
2014-03-17 08:58:23,569 JuliusRTC0 INFO #4: 左 さげて (0.476)
2014-03-17 08:58:23,572 JuliusRTC0 INFO #5: 右 あげて (0.3215)
2014-03-17 08:58:23,578 JuliusRTC0 INFO LISTEN
2014-03-17 08:58:24,684 JuliusRTC0 INFO STARTREC
2014-03-17 08:58:39,016 JuliusRTC0 INFO ENDREC
2014-03-17 08:58:39,118 JuliusRTC0 INFO #1: 左 あげない (0.882)
2014-03-17 08:58:39,118 JuliusRTC0 INFO #2: さいせい あげない (0.4365)
2014-03-17 08:58:39,119 JuliusRTC0 INFO #3: 右 あげない (0.4265)
2014-03-17 08:58:39,127 JuliusRTC0 INFO LISTEN
2014-03-17 08:58:39,128 JuliusRTC0 INFO STARTREC
