2014-03-17 11:08:38,519 manager INFO OpenRTM-aist-1.0.0
2014-03-17 11:08:38,519 manager INFO Copyright (C) 2003-2010
2014-03-17 11:08:38,520 manager INFO   Noriaki Ando
2014-03-17 11:08:38,520 manager INFO   Intelligent Systems Research Institute, AIST
2014-03-17 11:08:38,522 manager INFO Manager starting.
2014-03-17 11:08:38,522 manager INFO Starting local logging.
2014-03-17 11:08:38,536 manager.namingmanager INFO NameServer connection succeeded: corba/localhost
2014-03-17 11:08:40,555 ManagerServant INFO Master manager not found
2014-03-17 11:08:40,555 manager ERROR Traceback (most recent call last):
  File "OpenRTM_aist\Manager.pyc", line 1734, in initManagerServant
IOError: [Errno 2] No such file or directory: '/var/log/rtcmanager.ref'

2014-03-17 11:08:40,575 JuliusRTC0 INFO JuliusRTC version 2.00
2014-03-17 11:08:40,575 JuliusRTC0 INFO Copyright (C) 2010-2011 Yosuke Matsusaka
2014-03-17 11:08:40,592 JuliusRTC0 INFO This component depends on following softwares and datas:
2014-03-17 11:08:40,592 JuliusRTC0 INFO 
2014-03-17 11:08:40,594 JuliusRTC0 INFO   Large Vocabulary Continuous Speech Recognition Engine Julius
2014-03-17 11:08:40,594 JuliusRTC0 INFO   (http://julius.sourceforge.jp/)
2014-03-17 11:08:40,594 JuliusRTC0 INFO   Copyright (c) 1997-2000 Information-technology Promotion Agency, Japan
2014-03-17 11:08:40,594 JuliusRTC0 INFO   Copyright (c) 1991-2008 Kawahara Lab., Kyoto University
2014-03-17 11:08:40,594 JuliusRTC0 INFO   Copyright (c) 2000-2005 Shikano Lab., Nara Institute of Science and Technology
2014-03-17 11:08:40,595 JuliusRTC0 INFO   Copyright (c) 2005-2008 Julius project team, Nagoya Institute of Technology
2014-03-17 11:08:40,595 JuliusRTC0 INFO 
2014-03-17 11:08:40,595 JuliusRTC0 INFO   VoxForge English Acoustic Model for HTK/Juilus
2014-03-17 11:08:40,595 JuliusRTC0 INFO   (http://www.voxforge.org/)
2014-03-17 11:08:40,595 JuliusRTC0 INFO   Copyright (c) 2005-2009 Ken MacLean <contact@voxforge.org>
2014-03-17 11:08:40,595 JuliusRTC0 INFO   Copyright (c) 2005-2009 Free Software Foundation
2014-03-17 11:08:40,595 JuliusRTC0 INFO 
2014-03-17 11:08:51,127 JuliusRTC0 INFO LISTEN
2014-03-17 11:08:51,252 JuliusRTC0 INFO register grammar: command
2014-03-17 11:08:51,267 JuliusRTC0 INFO LISTEN
2014-03-17 11:08:51,365 JuliusRTC0 INFO LISTEN
2014-03-17 11:08:52,867 JuliusRTC0 INFO STARTREC
2014-03-17 11:08:53,566 JuliusRTC0 INFO ENDREC
2014-03-17 11:08:53,609 JuliusRTC0 INFO #1: 右 あげて (0.5425)
2014-03-17 11:08:53,611 JuliusRTC0 INFO #2: さいせい あげて (0.476)
2014-03-17 11:08:53,612 JuliusRTC0 INFO #3: 右 あげない (0.3515)
2014-03-17 11:08:53,614 JuliusRTC0 INFO #4: さいせい あげない (0.3995)
2014-03-17 11:08:53,615 JuliusRTC0 INFO #5: 右 さげて (0.5575)
2014-03-17 11:08:53,622 JuliusRTC0 INFO LISTEN
2014-03-17 11:08:54,980 JuliusRTC0 INFO STARTREC
2014-03-17 11:08:55,936 JuliusRTC0 INFO ENDREC
2014-03-17 11:08:55,964 JuliusRTC0 INFO #1: 右 さげて (0.9965)
2014-03-17 11:08:55,966 JuliusRTC0 INFO #2: 左 さげて (0.4985)
2014-03-17 11:08:55,967 JuliusRTC0 INFO #3: 右 さげない (0.5)
2014-03-17 11:08:55,969 JuliusRTC0 INFO #4: さいせい さげて (0.498)
2014-03-17 11:08:55,976 JuliusRTC0 INFO LISTEN
2014-03-17 11:08:57,479 JuliusRTC0 INFO STARTREC
2014-03-17 11:08:58,821 JuliusRTC0 INFO ENDREC
2014-03-17 11:08:58,851 JuliusRTC0 INFO #1: さいせい よろしく (1.0)
2014-03-17 11:08:58,857 JuliusRTC0 INFO LISTEN
2014-03-17 11:09:27,812 JuliusRTC0 INFO STARTREC
2014-03-17 11:09:28,319 JuliusRTC0 INFO ENDREC
2014-03-17 11:09:28,358 JuliusRTC0 INFO #1: 右 あげない (0.8405)
2014-03-17 11:09:28,361 JuliusRTC0 INFO #2: 右 さげない (0.517)
2014-03-17 11:09:28,361 JuliusRTC0 INFO #3: 右 あげて (0.531)
2014-03-17 11:09:28,362 JuliusRTC0 INFO #4: 右 さげて (0.477)
2014-03-17 11:09:28,364 JuliusRTC0 INFO #5: さいせい あげない (0.3885)
2014-03-17 11:09:28,371 JuliusRTC0 INFO LISTEN
2014-03-17 11:09:30,625 JuliusRTC0 INFO STARTREC
2014-03-17 11:09:31,072 JuliusRTC0 INFO ENDREC
2014-03-17 11:09:31,111 JuliusRTC0 INFO #1: 右 よろしく (0.7575)
2014-03-17 11:09:31,114 JuliusRTC0 INFO #2: 右 さげない (0.4835)
2014-03-17 11:09:31,115 JuliusRTC0 INFO #3: 右 あげて (0.4565)
2014-03-17 11:09:31,115 JuliusRTC0 INFO #4: 右 さげて (0.4415)
2014-03-17 11:09:31,117 JuliusRTC0 INFO #5: さいせい よろしく (0.3155)
2014-03-17 11:09:31,125 JuliusRTC0 INFO LISTEN
2014-03-17 11:09:40,551 JuliusRTC0 INFO STARTREC
2014-03-17 11:09:41,118 JuliusRTC0 INFO ENDREC
2014-03-17 11:09:41,148 JuliusRTC0 INFO LISTEN
2014-03-17 11:09:41,505 JuliusRTC0 INFO STARTREC
2014-03-17 11:09:42,653 JuliusRTC0 INFO ENDREC
2014-03-17 11:09:42,693 JuliusRTC0 INFO #1: 左 よろしく (0.657)
2014-03-17 11:09:42,694 JuliusRTC0 INFO #2: 左 さげて (0.6085)
2014-03-17 11:09:42,696 JuliusRTC0 INFO #3: さいせい よろしく (0.3375)
2014-03-17 11:09:42,697 JuliusRTC0 INFO #4: 左 さげない (0.529)
2014-03-17 11:09:42,697 JuliusRTC0 INFO #5: 左 あげて (0.336)
2014-03-17 11:09:42,706 JuliusRTC0 INFO LISTEN
2014-03-17 11:09:42,917 JuliusRTC0 INFO STARTREC
2014-03-17 11:09:44,006 JuliusRTC0 INFO ENDREC
2014-03-17 11:09:44,042 JuliusRTC0 INFO #1: 左 よろしく (0.8)
2014-03-17 11:09:44,043 JuliusRTC0 INFO #2: 右 よろしく (0.6345)
2014-03-17 11:09:44,046 JuliusRTC0 INFO #3: さいせい よろしく (0.5445)
2014-03-17 11:09:44,046 JuliusRTC0 INFO #4: さいせい さげない (0.0325)
2014-03-17 11:09:44,049 JuliusRTC0 INFO #5: さいせい さげて (0.0325)
2014-03-17 11:09:44,055 JuliusRTC0 INFO LISTEN
2014-03-17 11:09:46,240 JuliusRTC0 INFO STARTREC
2014-03-17 11:09:47,071 JuliusRTC0 INFO ENDREC
2014-03-17 11:09:47,102 JuliusRTC0 INFO #1: 左 あげて (0.8725)
2014-03-17 11:09:47,104 JuliusRTC0 INFO #2: 左 さげて (0.441)
2014-03-17 11:09:47,105 JuliusRTC0 INFO #3: 右 あげて (0.4835)
2014-03-17 11:09:47,107 JuliusRTC0 INFO #4: さいせい あげて (0.467)
2014-03-17 11:09:47,108 JuliusRTC0 INFO #5: 右 さげて (0.112)
2014-03-17 11:09:47,115 JuliusRTC0 INFO LISTEN
2014-03-17 11:09:50,082 JuliusRTC0 INFO STARTREC
2014-03-17 11:09:51,493 JuliusRTC0 INFO ENDREC
2014-03-17 11:09:51,533 JuliusRTC0 INFO #1: さいせい あげない (0.7005)
2014-03-17 11:09:51,535 JuliusRTC0 INFO #2: さいせい よろしく (0.629)
2014-03-17 11:09:51,536 JuliusRTC0 INFO #3: さいせい あげて (0.5415)
2014-03-17 11:09:51,538 JuliusRTC0 INFO #4: さいせい さげない (0.539)
2014-03-17 11:09:51,539 JuliusRTC0 INFO #5: 右 よろしく (0.196)
2014-03-17 11:09:51,546 JuliusRTC0 INFO LISTEN
2014-03-17 11:09:51,938 JuliusRTC0 INFO STARTREC
2014-03-17 11:09:53,473 JuliusRTC0 INFO ENDREC
2014-03-17 11:09:53,519 JuliusRTC0 INFO #1: さいせい さげない (0.4785)
2014-03-17 11:09:53,519 JuliusRTC0 INFO #2: 左 さげない (0.588)
2014-03-17 11:09:53,520 JuliusRTC0 INFO #3: 右 さげない (0.3645)
2014-03-17 11:09:53,523 JuliusRTC0 INFO #4: さいせい あげない (0.2905)
2014-03-17 11:09:53,523 JuliusRTC0 INFO #5: さいせい さげて (0.221)
2014-03-17 11:09:53,530 JuliusRTC0 INFO LISTEN
2014-03-17 11:09:53,920 JuliusRTC0 INFO STARTREC
2014-03-17 11:09:54,559 JuliusRTC0 INFO ENDREC
2014-03-17 11:09:54,601 JuliusRTC0 INFO #1: 右 あげない (0.653)
2014-03-17 11:09:54,602 JuliusRTC0 INFO #2: 左 あげない (0.6195)
2014-03-17 11:09:54,605 JuliusRTC0 INFO #3: 右 あげて (0.2965)
2014-03-17 11:09:54,607 JuliusRTC0 INFO #4: 右 さげない (0.3565)
2014-03-17 11:09:54,608 JuliusRTC0 INFO #5: 左 あげて (0.3465)
2014-03-17 11:09:54,615 JuliusRTC0 INFO LISTEN
2014-03-17 11:10:01,671 JuliusRTC0 INFO STARTREC
2014-03-17 11:10:02,180 JuliusRTC0 INFO ENDREC
2014-03-17 11:10:02,219 JuliusRTC0 INFO #1: 右 あげて (0.6795)
2014-03-17 11:10:02,220 JuliusRTC0 INFO #2: 右 よろしく (0.5385)
2014-03-17 11:10:02,220 JuliusRTC0 INFO #3: さいせい あげて (0.3195)
2014-03-17 11:10:02,223 JuliusRTC0 INFO #4: 左 あげて (0.317)
2014-03-17 11:10:02,223 JuliusRTC0 INFO #5: 左 さげない (0.177)
2014-03-17 11:10:02,232 JuliusRTC0 INFO LISTEN
2014-03-17 11:10:02,881 JuliusRTC0 INFO STARTREC
2014-03-17 11:10:03,775 JuliusRTC0 INFO ENDREC
2014-03-17 11:10:03,813 JuliusRTC0 INFO #1: 右 あげて (0.855)
2014-03-17 11:10:03,815 JuliusRTC0 INFO #2: 右 さげて (0.603)
2014-03-17 11:10:03,816 JuliusRTC0 INFO #3: さいせい あげて (0.3925)
2014-03-17 11:10:03,818 JuliusRTC0 INFO #4: 左 あげて (0.3895)
2014-03-17 11:10:03,825 JuliusRTC0 INFO LISTEN
2014-03-17 11:10:05,573 JuliusRTC0 INFO STARTREC
2014-03-17 11:10:06,273 JuliusRTC0 INFO ENDREC
2014-03-17 11:10:06,308 JuliusRTC0 INFO #1: 右 あげて (0.911)
2014-03-17 11:10:06,309 JuliusRTC0 INFO #2: 右 さげて (0.5475)
2014-03-17 11:10:06,311 JuliusRTC0 INFO #3: 右 あげない (0.531)
2014-03-17 11:10:06,318 JuliusRTC0 INFO LISTEN
2014-03-17 11:10:07,299 JuliusRTC0 INFO STARTREC
2014-03-17 11:10:07,878 JuliusRTC0 INFO ENDREC
2014-03-17 11:10:07,915 JuliusRTC0 INFO #1: 右 さげない (0.6495)
2014-03-17 11:10:07,917 JuliusRTC0 INFO #2: 右 あげない (0.5785)
2014-03-17 11:10:07,917 JuliusRTC0 INFO #3: 右 さげて (0.5335)
2014-03-17 11:10:07,918 JuliusRTC0 INFO #4: 右 あげて (0.4805)
2014-03-17 11:10:07,920 JuliusRTC0 INFO #5: 左 あげない (0.2325)
2014-03-17 11:10:07,927 JuliusRTC0 INFO LISTEN
2014-03-17 11:10:09,157 JuliusRTC0 INFO STARTREC
2014-03-17 11:10:09,726 JuliusRTC0 INFO ENDREC
2014-03-17 11:10:09,756 JuliusRTC0 INFO #1: 右 あげない (0.681)
2014-03-17 11:10:09,763 JuliusRTC0 INFO LISTEN
2014-03-17 11:10:11,392 JuliusRTC0 INFO STARTREC
2014-03-17 11:10:11,778 JuliusRTC0 INFO ENDREC
2014-03-17 11:10:11,805 JuliusRTC0 INFO LISTEN
2014-03-17 11:10:11,970 JuliusRTC0 INFO STARTREC
2014-03-17 11:10:12,480 JuliusRTC0 INFO ENDREC
2014-03-17 11:10:12,505 JuliusRTC0 INFO LISTEN
2014-03-17 11:10:12,865 JuliusRTC0 INFO STARTREC
2014-03-17 11:10:13,375 JuliusRTC0 INFO ENDREC
2014-03-17 11:10:13,414 JuliusRTC0 INFO #1: 右 あげない (0.6375)
2014-03-17 11:10:13,414 JuliusRTC0 INFO #2: 右 さげない (0.597)
2014-03-17 11:10:13,417 JuliusRTC0 INFO #3: 右 さげて (0.507)
2014-03-17 11:10:13,417 JuliusRTC0 INFO #4: 右 あげて (0.4485)
2014-03-17 11:10:13,418 JuliusRTC0 INFO #5: 右 よろしく (0.4835)
2014-03-17 11:10:13,427 JuliusRTC0 INFO LISTEN
2014-03-17 11:10:23,299 JuliusRTC0 INFO STARTREC
2014-03-17 11:10:23,805 JuliusRTC0 INFO ENDREC
2014-03-17 11:10:23,845 JuliusRTC0 INFO #1: 右 あげて (0.6035)
2014-03-17 11:10:23,846 JuliusRTC0 INFO #2: 左 あげて (0.4525)
2014-03-17 11:10:23,848 JuliusRTC0 INFO #3: 左 あげない (0.431)
2014-03-17 11:10:23,848 JuliusRTC0 INFO #4: 右 さげて (0.3155)
2014-03-17 11:10:23,849 JuliusRTC0 INFO #5: 左 さげて (0.2935)
2014-03-17 11:10:23,858 JuliusRTC0 INFO LISTEN
2014-03-17 11:10:23,877 JuliusRTC0 INFO STARTREC
2014-03-17 11:10:24,447 JuliusRTC0 INFO ENDREC
2014-03-17 11:10:24,483 JuliusRTC0 INFO #1: 右 あげない (0.704)
2014-03-17 11:10:24,484 JuliusRTC0 INFO #2: 右 さげない (0.6595)
2014-03-17 11:10:24,486 JuliusRTC0 INFO #3: 左 あげない (0.321)
2014-03-17 11:10:24,486 JuliusRTC0 INFO #4: さいせい あげない (0.3)
2014-03-17 11:10:24,487 JuliusRTC0 INFO #5: 右 さげて (0.448)
2014-03-17 11:10:24,496 JuliusRTC0 INFO LISTEN
2014-03-17 11:10:29,505 JuliusRTC0 INFO STARTREC
2014-03-17 11:10:30,015 JuliusRTC0 INFO ENDREC
2014-03-17 11:10:30,055 JuliusRTC0 INFO #1: 左 あげて (0.485)
2014-03-17 11:10:30,056 JuliusRTC0 INFO #2: 左 あげない (0.454)
2014-03-17 11:10:30,058 JuliusRTC0 INFO #3: 右 あげて (0.3585)
2014-03-17 11:10:30,059 JuliusRTC0 INFO #4: 右 さげて (0.31)
2014-03-17 11:10:30,061 JuliusRTC0 INFO #5: 左 さげて (0.283)
2014-03-17 11:10:30,069 JuliusRTC0 INFO LISTEN
2014-03-17 11:10:30,085 JuliusRTC0 INFO STARTREC
2014-03-17 11:10:30,723 JuliusRTC0 INFO ENDREC
2014-03-17 11:10:30,763 JuliusRTC0 INFO #1: さいせい あげて (0.4645)
2014-03-17 11:10:30,765 JuliusRTC0 INFO #2: 右 あげて (0.5055)
2014-03-17 11:10:30,766 JuliusRTC0 INFO #3: 右 さげて (0.4225)
2014-03-17 11:10:30,766 JuliusRTC0 INFO #4: 右 よろしく (0.4845)
2014-03-17 11:10:30,767 JuliusRTC0 INFO #5: 左 あげて (0.355)
2014-03-17 11:10:30,776 JuliusRTC0 INFO LISTEN
2014-03-17 11:10:31,040 JuliusRTC0 INFO STARTREC
2014-03-17 11:10:31,750 JuliusRTC0 INFO ENDREC
2014-03-17 11:10:31,793 JuliusRTC0 INFO #1: 右 あげて (0.893)
2014-03-17 11:10:31,796 JuliusRTC0 INFO #2: 右 さげて (0.4895)
2014-03-17 11:10:31,796 JuliusRTC0 INFO #3: 右 あげない (0.517)
2014-03-17 11:10:31,798 JuliusRTC0 INFO #4: 左 さげて (0.087)
2014-03-17 11:10:31,799 JuliusRTC0 INFO #5: 右 さげない (0.439)
2014-03-17 11:10:31,805 JuliusRTC0 INFO LISTEN
2014-03-17 11:10:32,321 JuliusRTC0 INFO STARTREC
2014-03-17 11:10:35,651 JuliusRTC0 INFO ENDREC
2014-03-17 11:10:35,700 JuliusRTC0 INFO #1: さいせい あげて (0.6435)
2014-03-17 11:10:35,700 JuliusRTC0 INFO #2: さいせい よろしく (0.3755)
2014-03-17 11:10:35,701 JuliusRTC0 INFO #3: さいせい さげて (0.5765)
2014-03-17 11:10:35,703 JuliusRTC0 INFO #4: 左 あげて (0.382)
2014-03-17 11:10:35,704 JuliusRTC0 INFO #5: 左 さげて (0.3135)
2014-03-17 11:10:35,713 JuliusRTC0 INFO LISTEN
2014-03-17 11:10:35,967 JuliusRTC0 INFO STARTREC
2014-03-17 11:10:36,486 JuliusRTC0 INFO ENDREC
2014-03-17 11:10:36,526 JuliusRTC0 INFO #1: 右 さげない (0.536)
2014-03-17 11:10:36,526 JuliusRTC0 INFO #2: 左 さげて (0.49)
2014-03-17 11:10:36,529 JuliusRTC0 INFO #3: 右 あげない (0.513)
2014-03-17 11:10:36,529 JuliusRTC0 INFO #4: 左 あげて (0.5355)
2014-03-17 11:10:36,530 JuliusRTC0 INFO #5: 左 あげない (0.2805)
2014-03-17 11:10:36,539 JuliusRTC0 INFO LISTEN
2014-03-17 11:10:36,546 JuliusRTC0 INFO STARTREC
2014-03-17 11:10:36,992 JuliusRTC0 INFO ENDREC
2014-03-17 11:10:37,025 JuliusRTC0 INFO #1: 左 あげない (0.6415)
2014-03-17 11:10:37,026 JuliusRTC0 INFO #2: 左 さげない (0.5175)
2014-03-17 11:10:37,026 JuliusRTC0 INFO #3: さいせい あげない (0.3375)
2014-03-17 11:10:37,028 JuliusRTC0 INFO #4: 右 さげない (0.2805)
2014-03-17 11:10:37,029 JuliusRTC0 INFO #5: 右 あげない (0.376)
2014-03-17 11:10:37,038 JuliusRTC0 INFO LISTEN
2014-03-17 11:10:37,572 JuliusRTC0 INFO STARTREC
2014-03-17 11:10:38,272 JuliusRTC0 INFO ENDREC
2014-03-17 11:10:38,305 JuliusRTC0 INFO #1: さいせい あげて (0.4215)
2014-03-17 11:10:38,305 JuliusRTC0 INFO #2: 右 さげて (0.542)
2014-03-17 11:10:38,312 JuliusRTC0 INFO LISTEN
2014-03-17 11:10:41,474 JuliusRTC0 INFO STARTREC
2014-03-17 11:10:42,111 JuliusRTC0 INFO ENDREC
2014-03-17 11:10:42,144 JuliusRTC0 INFO #1: 右 よろしく (0.979)
2014-03-17 11:10:42,144 JuliusRTC0 INFO #2: 左 よろしく (0.5045)
2014-03-17 11:10:42,151 JuliusRTC0 INFO LISTEN
2014-03-17 11:10:42,438 JuliusRTC0 INFO STARTREC
2014-03-17 11:10:43,970 JuliusRTC0 INFO ENDREC
2014-03-17 11:10:44,006 JuliusRTC0 INFO #1: 左 さげない (0.8495)
2014-03-17 11:10:44,007 JuliusRTC0 INFO #2: 左 あげない (0.605)
2014-03-17 11:10:44,009 JuliusRTC0 INFO #3: 右 さげない (0.3775)
2014-03-17 11:10:44,010 JuliusRTC0 INFO #4: 右 あげない (0.148)
2014-03-17 11:10:44,012 JuliusRTC0 INFO #5: さいせい さげない (0.3685)
2014-03-17 11:10:44,019 JuliusRTC0 INFO LISTEN
2014-03-17 11:10:54,598 JuliusRTC0 INFO STARTREC
2014-03-17 11:10:55,168 JuliusRTC0 INFO ENDREC
2014-03-17 11:10:55,210 JuliusRTC0 INFO #1: 右 あげない (0.704)
2014-03-17 11:10:55,210 JuliusRTC0 INFO #2: 左 あげない (0.4305)
2014-03-17 11:10:55,213 JuliusRTC0 INFO #3: 右 さげない (0.5315)
2014-03-17 11:10:55,213 JuliusRTC0 INFO #4: 右 あげて (0.4465)
2014-03-17 11:10:55,220 JuliusRTC0 INFO LISTEN
2014-03-17 11:10:59,334 JuliusRTC0 INFO STARTREC
2014-03-17 11:10:59,911 JuliusRTC0 INFO ENDREC
2014-03-17 11:10:59,950 JuliusRTC0 INFO #1: 右 あげて (0.747)
2014-03-17 11:10:59,950 JuliusRTC0 INFO #2: 右 さげて (0.577)
2014-03-17 11:10:59,951 JuliusRTC0 INFO #3: さいせい あげて (0.3745)
2014-03-17 11:10:59,953 JuliusRTC0 INFO #4: 左 あげて (0.3955)
2014-03-17 11:10:59,954 JuliusRTC0 INFO #5: 右 あげない (0.42)
2014-03-17 11:10:59,961 JuliusRTC0 INFO LISTEN
2014-03-17 11:11:00,286 JuliusRTC0 INFO STARTREC
2014-03-17 11:11:02,653 JuliusRTC0 INFO ENDREC
2014-03-17 11:11:02,703 JuliusRTC0 INFO #1: さいせい あげて (0.494)
2014-03-17 11:11:02,704 JuliusRTC0 INFO #2: さいせい よろしく (0.66)
2014-03-17 11:11:02,706 JuliusRTC0 INFO #3: さいせい あげない (0.2675)
2014-03-17 11:11:02,707 JuliusRTC0 INFO #4: さいせい さげて (0.4145)
2014-03-17 11:11:02,709 JuliusRTC0 INFO #5: 右 さげて (0.223)
2014-03-17 11:11:02,717 JuliusRTC0 INFO LISTEN
2014-03-17 11:11:03,233 JuliusRTC0 INFO STARTREC
2014-03-17 11:11:03,934 JuliusRTC0 INFO ENDREC
2014-03-17 11:11:03,963 JuliusRTC0 INFO LISTEN
2014-03-17 11:11:04,127 JuliusRTC0 INFO STARTREC
2014-03-17 11:11:05,854 JuliusRTC0 INFO ENDREC
2014-03-17 11:11:05,900 JuliusRTC0 INFO #1: 左 さげない (0.658)
2014-03-17 11:11:05,901 JuliusRTC0 INFO #2: さいせい あげない (0.39)
2014-03-17 11:11:05,901 JuliusRTC0 INFO #3: 左 さげて (0.32)
2014-03-17 11:11:05,903 JuliusRTC0 INFO #4: さいせい あげて (0.4605)
2014-03-17 11:11:05,904 JuliusRTC0 INFO #5: さいせい よろしく (0.5245)
2014-03-17 11:11:05,911 JuliusRTC0 INFO LISTEN
2014-03-17 11:11:06,118 JuliusRTC0 INFO STARTREC
2014-03-17 11:11:06,951 JuliusRTC0 INFO ENDREC
2014-03-17 11:11:06,990 JuliusRTC0 INFO #1: 右 あげて (0.7975)
2014-03-17 11:11:06,992 JuliusRTC0 INFO #2: 右 さげて (0.405)
2014-03-17 11:11:06,993 JuliusRTC0 INFO #3: 左 あげて (0.4465)
2014-03-17 11:11:06,994 JuliusRTC0 INFO #4: さいせい あげて (0.444)
2014-03-17 11:11:06,996 JuliusRTC0 INFO #5: 左 さげて (0.1355)
2014-03-17 11:11:07,003 JuliusRTC0 INFO LISTEN
2014-03-17 11:11:07,266 JuliusRTC0 INFO STARTREC
2014-03-17 11:11:07,967 JuliusRTC0 INFO ENDREC
2014-03-17 11:11:08,007 JuliusRTC0 INFO #1: 左 さげて (0.49)
2014-03-17 11:11:08,009 JuliusRTC0 INFO #2: 右 さげて (0.401)
2014-03-17 11:11:08,009 JuliusRTC0 INFO #3: さいせい さげて (0.3565)
2014-03-17 11:11:08,012 JuliusRTC0 INFO #4: 左 さげない (0.365)
2014-03-17 11:11:08,013 JuliusRTC0 INFO #5: さいせい あげない (0.3665)
2014-03-17 11:11:08,022 JuliusRTC0 INFO LISTEN
2014-03-17 11:11:08,678 JuliusRTC0 INFO STARTREC
2014-03-17 11:11:09,632 JuliusRTC0 INFO ENDREC
2014-03-17 11:11:09,661 JuliusRTC0 INFO LISTEN
2014-03-17 11:11:09,959 JuliusRTC0 INFO STARTREC
2014-03-17 11:11:10,526 JuliusRTC0 INFO ENDREC
2014-03-17 11:11:10,562 JuliusRTC0 INFO #1: 右 さげて (0.701)
2014-03-17 11:11:10,562 JuliusRTC0 INFO #2: 右 あげて (0.706)
2014-03-17 11:11:10,563 JuliusRTC0 INFO #3: 右 さげない (0.514)
2014-03-17 11:11:10,565 JuliusRTC0 INFO #4: さいせい あげて (0.272)
2014-03-17 11:11:10,572 JuliusRTC0 INFO LISTEN
2014-03-17 11:11:10,792 JuliusRTC0 INFO STARTREC
2014-03-17 11:11:11,236 JuliusRTC0 INFO ENDREC
2014-03-17 11:11:11,278 JuliusRTC0 INFO #1: さいせい あげて (0.7155)
2014-03-17 11:11:11,279 JuliusRTC0 INFO #2: さいせい あげない (0.3785)
2014-03-17 11:11:11,279 JuliusRTC0 INFO #3: さいせい さげて (0.465)
2014-03-17 11:11:11,280 JuliusRTC0 INFO #4: 右 あげて (0.3475)
2014-03-17 11:11:11,282 JuliusRTC0 INFO #5: 左 あげて (0.3505)
2014-03-17 11:11:11,289 JuliusRTC0 INFO LISTEN
2014-03-17 11:11:14,947 JuliusRTC0 INFO STARTREC
2014-03-17 11:11:15,392 JuliusRTC0 INFO ENDREC
2014-03-17 11:11:15,430 JuliusRTC0 INFO #1: 右 あげて (0.7295)
2014-03-17 11:11:15,433 JuliusRTC0 INFO #2: 右 あげない (0.5415)
2014-03-17 11:11:15,434 JuliusRTC0 INFO #3: 右 さげて (0.4975)
2014-03-17 11:11:15,434 JuliusRTC0 INFO #4: 左 あげて (0.3645)
2014-03-17 11:11:15,437 JuliusRTC0 INFO #5: さいせい あげて (0.333)
2014-03-17 11:11:15,444 JuliusRTC0 INFO LISTEN
2014-03-17 11:11:16,733 JuliusRTC0 INFO STARTREC
2014-03-17 11:11:17,250 JuliusRTC0 INFO ENDREC
2014-03-17 11:11:17,282 JuliusRTC0 INFO LISTEN
2014-03-17 11:11:18,279 JuliusRTC0 INFO STARTREC
2014-03-17 11:11:19,487 JuliusRTC0 INFO ENDREC
2014-03-17 11:11:19,522 JuliusRTC0 INFO #1: さいせい あげて (0.6485)
2014-03-17 11:11:19,523 JuliusRTC0 INFO #2: さいせい さげて (0.3825)
2014-03-17 11:11:19,525 JuliusRTC0 INFO #3: 左 さげて (0.288)
2014-03-17 11:11:19,526 JuliusRTC0 INFO #4: 右 さげて (0.272)
2014-03-17 11:11:19,526 JuliusRTC0 INFO #5: さいせい あげない (0.4645)
2014-03-17 11:11:19,535 JuliusRTC0 INFO LISTEN
2014-03-17 11:11:19,678 JuliusRTC0 INFO STARTREC
2014-03-17 11:11:20,259 JuliusRTC0 INFO ENDREC
2014-03-17 11:11:20,299 JuliusRTC0 INFO #1: 右 よろしく (0.744)
2014-03-17 11:11:20,299 JuliusRTC0 INFO #2: 左 あげて (0.4715)
2014-03-17 11:11:20,301 JuliusRTC0 INFO #3: 右 あげて (0.2255)
2014-03-17 11:11:20,302 JuliusRTC0 INFO #4: 左 さげて (0.3025)
2014-03-17 11:11:20,302 JuliusRTC0 INFO #5: 左 あげない (0.384)
2014-03-17 11:11:20,311 JuliusRTC0 INFO LISTEN
2014-03-17 11:11:20,898 JuliusRTC0 INFO STARTREC
2014-03-17 11:11:21,476 JuliusRTC0 INFO ENDREC
2014-03-17 11:11:21,510 JuliusRTC0 INFO #1: 右 よろしく (0.806)
2014-03-17 11:11:21,513 JuliusRTC0 INFO #2: 右 あげない (0.481)
2014-03-17 11:11:21,519 JuliusRTC0 INFO LISTEN
2014-03-17 11:11:21,986 JuliusRTC0 INFO STARTREC
2014-03-17 11:11:22,565 JuliusRTC0 INFO ENDREC
2014-03-17 11:11:22,607 JuliusRTC0 INFO #1: 右 あげて (0.585)
2014-03-17 11:11:22,608 JuliusRTC0 INFO #2: 右 あげない (0.55)
2014-03-17 11:11:22,608 JuliusRTC0 INFO #3: さいせい あげて (0.2995)
2014-03-17 11:11:22,609 JuliusRTC0 INFO #4: 右 さげて (0.345)
2014-03-17 11:11:22,611 JuliusRTC0 INFO #5: さいせい あげない (0.2845)
2014-03-17 11:11:22,618 JuliusRTC0 INFO LISTEN
2014-03-17 11:11:22,950 JuliusRTC0 INFO STARTREC
2014-03-17 11:11:23,651 JuliusRTC0 INFO ENDREC
2014-03-17 11:11:23,683 JuliusRTC0 INFO #1: 右 よろしく (0.9775)
2014-03-17 11:11:23,688 JuliusRTC0 INFO LISTEN
2014-03-17 11:11:23,693 JuliusRTC0 INFO STARTREC
2014-03-17 11:11:24,413 JuliusRTC0 INFO ENDREC
2014-03-17 11:11:24,453 JuliusRTC0 INFO #1: さいせい よろしく (0.81)
2014-03-17 11:11:24,456 JuliusRTC0 INFO #2: 左 あげない (0.4895)
2014-03-17 11:11:24,457 JuliusRTC0 INFO #3: さいせい あげて (0.354)
2014-03-17 11:11:24,457 JuliusRTC0 INFO #4: 右 さげない (0.3135)
2014-03-17 11:11:24,459 JuliusRTC0 INFO #5: 左 さげない (0.2495)
2014-03-17 11:11:24,467 JuliusRTC0 INFO LISTEN
2014-03-17 11:11:26,660 JuliusRTC0 INFO STARTREC
2014-03-17 11:11:30,437 JuliusRTC0 INFO ENDREC
2014-03-17 11:11:30,486 JuliusRTC0 INFO #1: 左 さげて (0.521)
2014-03-17 11:11:30,486 JuliusRTC0 INFO #2: 右 さげて (0.2)
2014-03-17 11:11:30,487 JuliusRTC0 INFO #3: 左 さげない (0.3625)
2014-03-17 11:11:30,489 JuliusRTC0 INFO #4: さいせい あげない (0.343)
2014-03-17 11:11:30,490 JuliusRTC0 INFO #5: さいせい さげない (0.745)
2014-03-17 11:11:30,499 JuliusRTC0 INFO LISTEN
2014-03-17 11:11:31,007 JuliusRTC0 INFO STARTREC
2014-03-17 11:11:32,032 JuliusRTC0 INFO ENDREC
2014-03-17 11:11:32,073 JuliusRTC0 INFO #1: 右 さげて (0.456)
2014-03-17 11:11:32,075 JuliusRTC0 INFO #2: 右 あげて (0.434)
2014-03-17 11:11:32,076 JuliusRTC0 INFO #3: さいせい あげて (0.4525)
2014-03-17 11:11:32,078 JuliusRTC0 INFO #4: 左 あげて (0.3635)
2014-03-17 11:11:32,078 JuliusRTC0 INFO #5: 左 さげて (0.2775)
2014-03-17 11:11:32,085 JuliusRTC0 INFO LISTEN
2014-03-17 11:11:32,286 JuliusRTC0 INFO STARTREC
2014-03-17 11:11:32,611 JuliusRTC0 INFO ENDREC
2014-03-17 11:11:32,644 JuliusRTC0 INFO LISTEN
2014-03-17 11:11:32,803 JuliusRTC0 INFO STARTREC
2014-03-17 11:11:33,313 JuliusRTC0 INFO ENDREC
2014-03-17 11:11:33,348 JuliusRTC0 INFO #1: さいせい あげて (0.545)
2014-03-17 11:11:33,349 JuliusRTC0 INFO #2: さいせい あげない (0.567)
2014-03-17 11:11:33,355 JuliusRTC0 INFO #3: さいせい さげて (0.6585)
2014-03-17 11:11:33,361 JuliusRTC0 INFO LISTEN
2014-03-17 11:11:33,506 JuliusRTC0 INFO STARTREC
2014-03-17 11:11:34,013 JuliusRTC0 INFO ENDREC
2014-03-17 11:11:34,053 JuliusRTC0 INFO #1: さいせい あげて (0.622)
2014-03-17 11:11:34,055 JuliusRTC0 INFO #2: 右 さげて (0.292)
2014-03-17 11:11:34,056 JuliusRTC0 INFO #3: 左 あげて (0.356)
2014-03-17 11:11:34,058 JuliusRTC0 INFO #4: さいせい さげて (0.356)
2014-03-17 11:11:34,059 JuliusRTC0 INFO #5: さいせい よろしく (0.3525)
2014-03-17 11:11:34,066 JuliusRTC0 INFO LISTEN
2014-03-17 11:11:34,980 JuliusRTC0 INFO STARTREC
2014-03-17 11:11:36,838 JuliusRTC0 INFO ENDREC
2014-03-17 11:11:36,877 JuliusRTC0 INFO #1: さいせい さげて (0.6765)
2014-03-17 11:11:36,878 JuliusRTC0 INFO #2: 左 さげて (0.5015)
2014-03-17 11:11:36,880 JuliusRTC0 INFO #3: 左 あげて (0.5565)
2014-03-17 11:11:36,881 JuliusRTC0 INFO #4: さいせい あげて (0.2365)
2014-03-17 11:11:36,881 JuliusRTC0 INFO #5: 右 さげて (0.3455)
2014-03-17 11:11:36,890 JuliusRTC0 INFO LISTEN
2014-03-17 11:11:37,029 JuliusRTC0 INFO STARTREC
2014-03-17 11:11:38,756 JuliusRTC0 INFO ENDREC
2014-03-17 11:11:38,805 JuliusRTC0 INFO #1: 右 あげて (0.4155)
2014-03-17 11:11:38,805 JuliusRTC0 INFO #2: 右 よろしく (0.3665)
2014-03-17 11:11:38,808 JuliusRTC0 INFO #3: さいせい よろしく (0.316)
2014-03-17 11:11:38,809 JuliusRTC0 INFO #4: さいせい あげて (0.4025)
2014-03-17 11:11:38,809 JuliusRTC0 INFO #5: 右 さげて (0.325)
2014-03-17 11:11:38,819 JuliusRTC0 INFO LISTEN
2014-03-17 11:11:39,905 JuliusRTC0 INFO STARTREC
2014-03-17 11:11:42,598 JuliusRTC0 INFO ENDREC
2014-03-17 11:11:42,641 JuliusRTC0 INFO #1: 左 よろしく (0.8755)
2014-03-17 11:11:42,642 JuliusRTC0 INFO #2: 右 よろしく (0.5845)
2014-03-17 11:11:42,644 JuliusRTC0 INFO #3: さいせい よろしく (0.527)
2014-03-17 11:11:42,644 JuliusRTC0 INFO #4: 左 さげない (0.435)
2014-03-17 11:11:42,647 JuliusRTC0 INFO #5: 左 さげて (0.4345)
2014-03-17 11:11:42,654 JuliusRTC0 INFO LISTEN
2014-03-17 11:11:50,013 JuliusRTC0 INFO STARTREC
2014-03-17 11:11:50,654 JuliusRTC0 INFO ENDREC
2014-03-17 11:11:50,684 JuliusRTC0 INFO LISTEN
2014-03-17 11:11:51,040 JuliusRTC0 INFO STARTREC
2014-03-17 11:11:53,984 JuliusRTC0 INFO ENDREC
2014-03-17 11:11:54,026 JuliusRTC0 INFO #1: 右 さげて (0.576)
2014-03-17 11:11:54,026 JuliusRTC0 INFO #2: さいせい さげて (0.8215)
2014-03-17 11:11:54,028 JuliusRTC0 INFO #3: 左 あげて (0.221)
2014-03-17 11:11:54,029 JuliusRTC0 INFO #4: さいせい あげて (0.223)
2014-03-17 11:11:54,029 JuliusRTC0 INFO #5: 左 さげて (0.456)
2014-03-17 11:11:54,036 JuliusRTC0 INFO LISTEN
2014-03-17 11:11:54,180 JuliusRTC0 INFO STARTREC
2014-03-17 11:11:55,203 JuliusRTC0 INFO ENDREC
2014-03-17 11:11:55,239 JuliusRTC0 INFO #1: 右 あげない (0.6265)
2014-03-17 11:11:55,240 JuliusRTC0 INFO #2: 右 あげて (0.6265)
2014-03-17 11:11:55,240 JuliusRTC0 INFO #3: 右 さげない (0.3)
2014-03-17 11:11:55,242 JuliusRTC0 INFO #4: さいせい あげない (0.346)
2014-03-17 11:11:55,243 JuliusRTC0 INFO #5: 左 あげない (0.3315)
2014-03-17 11:11:55,250 JuliusRTC0 INFO LISTEN
2014-03-17 11:11:56,098 JuliusRTC0 INFO STARTREC
2014-03-17 11:11:58,081 JuliusRTC0 INFO ENDREC
2014-03-17 11:11:58,121 JuliusRTC0 INFO #1: さいせい よろしく (0.83)
2014-03-17 11:11:58,121 JuliusRTC0 INFO #2: さいせい さげない (0.6325)
2014-03-17 11:11:58,122 JuliusRTC0 INFO #3: さいせい あげない (0.534)
2014-03-17 11:11:58,125 JuliusRTC0 INFO #4: 左 よろしく (0.33)
2014-03-17 11:11:58,131 JuliusRTC0 INFO LISTEN
2014-03-17 11:11:58,789 JuliusRTC0 INFO STARTREC
2014-03-17 11:12:00,322 JuliusRTC0 INFO ENDREC
2014-03-17 11:12:00,365 JuliusRTC0 INFO #1: 右 よろしく (0.555)
2014-03-17 11:12:00,365 JuliusRTC0 INFO #2: 右 さげて (0.6015)
2014-03-17 11:12:00,368 JuliusRTC0 INFO #3: 右 あげて (0.639)
2014-03-17 11:12:00,368 JuliusRTC0 INFO #4: 左 よろしく (0.2455)
2014-03-17 11:12:00,369 JuliusRTC0 INFO #5: 左 さげて (0.1955)
2014-03-17 11:12:00,377 JuliusRTC0 INFO LISTEN
2014-03-17 11:12:02,753 JuliusRTC0 INFO STARTREC
2014-03-17 11:12:04,480 JuliusRTC0 INFO ENDREC
2014-03-17 11:12:04,516 JuliusRTC0 INFO #1: 右 あげて (0.5335)
2014-03-17 11:12:04,516 JuliusRTC0 INFO #2: 右 さげて (0.5385)
2014-03-17 11:12:04,517 JuliusRTC0 INFO #3: 左 あげて (0.445)
2014-03-17 11:12:04,519 JuliusRTC0 INFO #4: 左 さげて (0.3855)
2014-03-17 11:12:04,520 JuliusRTC0 INFO #5: さいせい あげて (0.2985)
2014-03-17 11:12:04,528 JuliusRTC0 INFO LISTEN
2014-03-17 11:12:06,532 JuliusRTC0 INFO STARTREC
2014-03-17 11:12:07,039 JuliusRTC0 INFO ENDREC
2014-03-17 11:12:07,063 JuliusRTC0 INFO LISTEN
2014-03-17 11:12:07,619 JuliusRTC0 INFO STARTREC
2014-03-17 11:12:08,197 JuliusRTC0 INFO ENDREC
2014-03-17 11:12:08,227 JuliusRTC0 INFO #1: 右 さげない (0.4715)
2014-03-17 11:12:08,233 JuliusRTC0 INFO LISTEN
2014-03-17 11:12:20,286 JuliusRTC0 INFO STARTREC
2014-03-17 11:12:21,119 JuliusRTC0 INFO ENDREC
2014-03-17 11:12:21,161 JuliusRTC0 INFO #1: 右 あげて (0.6535)
2014-03-17 11:12:21,164 JuliusRTC0 INFO #2: 右 あげない (0.442)
2014-03-17 11:12:21,164 JuliusRTC0 INFO #3: 右 さげない (0.3595)
2014-03-17 11:12:21,165 JuliusRTC0 INFO #4: さいせい あげない (0.2055)
2014-03-17 11:12:21,167 JuliusRTC0 INFO #5: 右 さげて (0.3515)
2014-03-17 11:12:21,174 JuliusRTC0 INFO LISTEN
2014-03-17 11:12:21,444 JuliusRTC0 INFO STARTREC
2014-03-17 11:12:22,339 JuliusRTC0 INFO ENDREC
2014-03-17 11:12:22,381 JuliusRTC0 INFO #1: 左 よろしく (0.3305)
2014-03-17 11:12:22,384 JuliusRTC0 INFO #2: 左 あげて (0.3355)
2014-03-17 11:12:22,385 JuliusRTC0 INFO #3: 右 あげて (0.499)
2014-03-17 11:12:22,387 JuliusRTC0 INFO #4: 右 よろしく (0.3455)
2014-03-17 11:12:22,388 JuliusRTC0 INFO #5: さいせい よろしく (0.3325)
2014-03-17 11:12:22,394 JuliusRTC0 INFO LISTEN
2014-03-17 11:12:22,592 JuliusRTC0 INFO STARTREC
2014-03-17 11:12:23,486 JuliusRTC0 INFO ENDREC
2014-03-17 11:12:23,517 JuliusRTC0 INFO #1: 左 あげない (0.609)
2014-03-17 11:12:23,519 JuliusRTC0 INFO #2: 左 あげて (0.577)
2014-03-17 11:12:23,519 JuliusRTC0 INFO #3: 左 さげない (0.358)
2014-03-17 11:12:23,520 JuliusRTC0 INFO #4: 右 あげて (0.265)
2014-03-17 11:12:23,522 JuliusRTC0 INFO #5: 左 さげて (0.312)
2014-03-17 11:12:23,529 JuliusRTC0 INFO LISTEN
2014-03-17 11:12:31,938 JuliusRTC0 INFO STARTREC
2014-03-17 11:12:32,322 JuliusRTC0 INFO ENDREC
2014-03-17 11:12:32,352 JuliusRTC0 INFO LISTEN
2014-03-17 11:12:33,085 JuliusRTC0 INFO STARTREC
2014-03-17 11:12:34,815 JuliusRTC0 INFO ENDREC
2014-03-17 11:12:34,855 JuliusRTC0 INFO #1: 左 あげない (0.532)
2014-03-17 11:12:34,855 JuliusRTC0 INFO #2: さいせい あげない (0.5615)
2014-03-17 11:12:34,857 JuliusRTC0 INFO #3: 左 さげない (0.5765)
2014-03-17 11:12:34,858 JuliusRTC0 INFO #4: さいせい さげない (0.262)
2014-03-17 11:12:34,858 JuliusRTC0 INFO #5: 右 あげない (0.3095)
2014-03-17 11:12:34,868 JuliusRTC0 INFO LISTEN
2014-03-17 11:12:37,568 JuliusRTC0 INFO STARTREC
2014-03-17 11:12:38,144 JuliusRTC0 INFO ENDREC
2014-03-17 11:12:38,176 JuliusRTC0 INFO #1: 右 さげない (0.7665)
2014-03-17 11:12:38,177 JuliusRTC0 INFO #2: 左 あげない (0.3615)
2014-03-17 11:12:38,177 JuliusRTC0 INFO #3: 右 あげない (0.431)
2014-03-17 11:12:38,178 JuliusRTC0 INFO #4: 左 さげない (0.384)
2014-03-17 11:12:38,180 JuliusRTC0 INFO #5: 右 さげて (0.4705)
2014-03-17 11:12:38,187 JuliusRTC0 INFO LISTEN
2014-03-17 11:12:39,811 JuliusRTC0 INFO STARTREC
2014-03-17 11:12:41,032 JuliusRTC0 INFO ENDREC
2014-03-17 11:12:41,068 JuliusRTC0 INFO #1: さいせい あげない (0.733)
2014-03-17 11:12:41,069 JuliusRTC0 INFO #2: さいせい さげない (0.484)
2014-03-17 11:12:41,071 JuliusRTC0 INFO #3: さいせい あげて (0.476)
2014-03-17 11:12:41,072 JuliusRTC0 INFO #4: 右 あげない (0.3775)
2014-03-17 11:12:41,072 JuliusRTC0 INFO #5: さいせい さげて (0.438)
2014-03-17 11:12:41,079 JuliusRTC0 INFO LISTEN
2014-03-17 11:12:41,730 JuliusRTC0 INFO STARTREC
2014-03-17 11:12:43,711 JuliusRTC0 INFO ENDREC
2014-03-17 11:12:43,759 JuliusRTC0 INFO #1: 左 あげて (0.648)
2014-03-17 11:12:43,760 JuliusRTC0 INFO #2: 左 あげない (0.626)
2014-03-17 11:12:43,763 JuliusRTC0 INFO #3: 左 さげて (0.55)
2014-03-17 11:12:43,763 JuliusRTC0 INFO #4: 左 さげない (0.5495)
2014-03-17 11:12:43,765 JuliusRTC0 INFO #5: さいせい あげて (0.2055)
2014-03-17 11:12:43,773 JuliusRTC0 INFO LISTEN
2014-03-17 11:12:46,332 JuliusRTC0 INFO STARTREC
2014-03-17 11:12:47,358 JuliusRTC0 INFO ENDREC
2014-03-17 11:12:47,400 JuliusRTC0 INFO #1: 右 よろしく (0.6515)
2014-03-17 11:12:47,401 JuliusRTC0 INFO #2: 右 さげて (0.5395)
2014-03-17 11:12:47,403 JuliusRTC0 INFO #3: 左 よろしく (0.3485)
2014-03-17 11:12:47,404 JuliusRTC0 INFO #4: 右 あげない (0.3405)
2014-03-17 11:12:47,404 JuliusRTC0 INFO #5: 右 あげて (0.3775)
2014-03-17 11:12:47,413 JuliusRTC0 INFO LISTEN
2014-03-17 11:12:52,865 JuliusRTC0 INFO STARTREC
2014-03-17 11:12:53,506 JuliusRTC0 INFO ENDREC
2014-03-17 11:12:53,533 JuliusRTC0 INFO LISTEN
2014-03-17 11:12:53,698 JuliusRTC0 INFO STARTREC
2014-03-17 11:12:54,980 JuliusRTC0 INFO ENDREC
2014-03-17 11:12:55,015 JuliusRTC0 INFO #1: 左 さげて (0.485)
2014-03-17 11:12:55,016 JuliusRTC0 INFO #2: 右 さげて (0.3625)
2014-03-17 11:12:55,016 JuliusRTC0 INFO #3: 左 あげて (0.5175)
2014-03-17 11:12:55,017 JuliusRTC0 INFO #4: 右 あげて (0.373)
2014-03-17 11:12:55,019 JuliusRTC0 INFO #5: 左 さげない (0.357)
2014-03-17 11:12:55,026 JuliusRTC0 INFO LISTEN
2014-03-17 11:12:55,486 JuliusRTC0 INFO STARTREC
2014-03-17 11:12:57,984 JuliusRTC0 INFO ENDREC
2014-03-17 11:12:58,033 JuliusRTC0 INFO #1: 左 よろしく (0.7995)
2014-03-17 11:12:58,036 JuliusRTC0 INFO #2: 右 よろしく (0.516)
2014-03-17 11:12:58,036 JuliusRTC0 INFO #3: さいせい よろしく (0.4655)
2014-03-17 11:12:58,039 JuliusRTC0 INFO #4: さいせい さげて (0.1495)
2014-03-17 11:12:58,039 JuliusRTC0 INFO #5: さいせい あげて (0.139)
2014-03-17 11:12:58,046 JuliusRTC0 INFO LISTEN
