2014/03/17 11:08:53 右 あげて
2014/03/17 11:08:55 右 さげて
2014/03/17 11:08:58 さいせい よろしく
2014/03/17 11:09:28 右 あげない
2014/03/17 11:09:31 右 よろしく
2014/03/17 11:09:42 左 よろしく
2014/03/17 11:09:44 左 よろしく
2014/03/17 11:09:47 左 あげて
2014/03/17 11:09:51 さいせい あげない
2014/03/17 11:09:53 さいせい さげない
2014/03/17 11:09:54 右 あげない
2014/03/17 11:10:02 右 あげて
2014/03/17 11:10:03 右 あげて
2014/03/17 11:10:06 右 あげて
2014/03/17 11:10:07 右 さげない
2014/03/17 11:10:09 右 あげない
2014/03/17 11:10:13 右 あげない
2014/03/17 11:10:23 右 あげて
2014/03/17 11:10:24 右 あげない
2014/03/17 11:10:30 左 あげて
2014/03/17 11:10:30 さいせい あげて
2014/03/17 11:10:31 右 あげて
2014/03/17 11:10:35 さいせい あげて
2014/03/17 11:10:36 右 さげない
2014/03/17 11:10:37 左 あげない
2014/03/17 11:10:38 さいせい あげて
2014/03/17 11:10:42 右 よろしく
2014/03/17 11:10:44 左 さげない
2014/03/17 11:10:55 右 あげない
2014/03/17 11:10:59 右 あげて
2014/03/17 11:11:02 さいせい あげて
2014/03/17 11:11:05 左 さげない
2014/03/17 11:11:07 右 あげて
2014/03/17 11:11:08 左 さげて
2014/03/17 11:11:10 右 さげて
2014/03/17 11:11:11 さいせい あげて
2014/03/17 11:11:15 右 あげて
2014/03/17 11:11:19 さいせい あげて
2014/03/17 11:11:20 右 よろしく
2014/03/17 11:11:21 右 よろしく
2014/03/17 11:11:22 右 あげて
2014/03/17 11:11:23 右 よろしく
2014/03/17 11:11:24 さいせい よろしく
2014/03/17 11:11:30 左 さげて
2014/03/17 11:11:32 右 さげて
2014/03/17 11:11:33 さいせい あげて
2014/03/17 11:11:34 さいせい あげて
2014/03/17 11:11:36 さいせい さげて
2014/03/17 11:11:38 右 あげて
2014/03/17 11:11:42 左 よろしく
2014/03/17 11:11:54 右 さげて
2014/03/17 11:11:55 右 あげない
2014/03/17 11:11:58 さいせい よろしく
2014/03/17 11:12:00 右 よろしく
2014/03/17 11:12:04 右 あげて
2014/03/17 11:12:08 右 さげない
2014/03/17 11:12:21 右 あげて
2014/03/17 11:12:22 左 よろしく
2014/03/17 11:12:23 左 あげない
2014/03/17 11:12:34 左 あげない
2014/03/17 11:12:38 右 さげない
2014/03/17 11:12:41 さいせい あげない
2014/03/17 11:12:43 左 あげて
2014/03/17 11:12:47 右 よろしく
2014/03/17 11:12:55 左 さげて
2014/03/17 11:12:58 左 よろしく
